INFO (2021-04-09 20:22:21) - Initialising Brainfuck
INFO (2021-04-09 20:22:21) - Running Brainfuck
INFO (2021-04-09 20:22:21) - Conditional forward jump
INFO (2021-04-09 20:22:21) - Getting current bf byte
INFO (2021-04-09 20:22:21) - Byte is 0 - jumping
INFO (2021-04-09 20:22:21) - Found ] at 571
INFO (2021-04-09 20:22:21) - Incrementing bf byte
INFO (2021-04-09 20:22:21) - Incrementing bf byte
INFO (2021-04-09 20:22:21) - Incrementing bf byte
INFO (2021-04-09 20:22:21) - Incrementing bf byte
INFO (2021-04-09 20:22:21) - Incrementing bf byte
INFO (2021-04-09 20:22:21) - Incrementing bf byte
INFO (2021-04-09 20:22:21) - Incrementing bf byte
INFO (2021-04-09 20:22:21) - Incrementing bf byte
INFO (2021-04-09 20:22:21) - Conditional forward jump
INFO (2021-04-09 20:22:21) - Getting current bf byte
INFO (2021-04-09 20:22:21) - Byte wasn't 0, adding current addr (613) to jump stack
INFO (2021-04-09 20:22:21) - Incrementing bf data pointer
INFO (2021-04-09 20:22:21) - Incrementing bf byte
INFO (2021-04-09 20:22:21) - Incrementing bf byte
INFO (2021-04-09 20:22:21) - Incrementing bf byte
INFO (2021-04-09 20:22:21) - Incrementing bf byte
INFO (2021-04-09 20:22:21) - Conditional forward jump
INFO (2021-04-09 20:22:21) - Getting current bf byte
INFO (2021-04-09 20:22:21) - Byte wasn't 0, adding current addr (695) to jump stack
INFO (2021-04-09 20:22:21) - Incrementing bf data pointer
INFO (2021-04-09 20:22:21) - Incrementing bf byte
INFO (2021-04-09 20:22:21) - Incrementing bf byte
INFO (2021-04-09 20:22:21) - Incrementing bf data pointer
INFO (2021-04-09 20:22:21) - Incrementing bf byte
INFO (2021-04-09 20:22:21) - Incrementing bf byte
INFO (2021-04-09 20:22:21) - Incrementing bf byte
INFO (2021-04-09 20:22:21) - Incrementing bf data pointer
INFO (2021-04-09 20:22:21) - Incrementing bf byte
INFO (2021-04-09 20:22:21) - Incrementing bf byte
INFO (2021-04-09 20:22:21) - Incrementing bf byte
INFO (2021-04-09 20:22:21) - Incrementing bf data pointer
INFO (2021-04-09 20:22:21) - Incrementing bf byte
INFO (2021-04-09 20:22:21) - Decrementing bf data pointer
INFO (2021-04-09 20:22:21) - Decrementing bf data pointer
INFO (2021-04-09 20:22:21) - Decrementing bf data pointer
INFO (2021-04-09 20:22:21) - Decrementing bf data pointer
INFO (2021-04-09 20:22:21) - Getting current bf byte
INFO (2021-04-09 20:22:21) - Decrementing bf byte
INFO (2021-04-09 20:22:21) - Conditional backward jump
INFO (2021-04-09 20:22:21) - Getting current bf byte
INFO (2021-04-09 20:22:21) - Byte was zero, jumping
INFO (2021-04-09 20:22:21) - Jumped to 695
INFO (2021-04-09 20:22:21) - Incrementing bf data pointer
INFO (2021-04-09 20:22:21) - Incrementing bf byte
INFO (2021-04-09 20:22:21) - Incrementing bf byte
INFO (2021-04-09 20:22:21) - Incrementing bf data pointer
INFO (2021-04-09 20:22:21) - Incrementing bf byte
INFO (2021-04-09 20:22:21) - Incrementing bf byte
INFO (2021-04-09 20:22:21) - Incrementing bf byte
INFO (2021-04-09 20:22:21) - Incrementing bf data pointer
INFO (2021-04-09 20:22:21) - Incrementing bf byte
INFO (2021-04-09 20:22:21) - Incrementing bf byte
INFO (2021-04-09 20:22:21) - Incrementing bf byte
INFO (2021-04-09 20:22:21) - Incrementing bf data pointer
INFO (2021-04-09 20:22:21) - Incrementing bf byte
INFO (2021-04-09 20:22:21) - Decrementing bf data pointer
INFO (2021-04-09 20:22:21) - Decrementing bf data pointer
INFO (2021-04-09 20:22:21) - Decrementing bf data pointer
INFO (2021-04-09 20:22:21) - Decrementing bf data pointer
INFO (2021-04-09 20:22:21) - Getting current bf byte
INFO (2021-04-09 20:22:21) - Decrementing bf byte
INFO (2021-04-09 20:22:21) - Conditional backward jump
INFO (2021-04-09 20:22:21) - Getting current bf byte
INFO (2021-04-09 20:22:21) - Byte was zero, jumping
INFO (2021-04-09 20:22:21) - Jumped to 613
INFO (2021-04-09 20:22:21) - Incrementing bf data pointer
INFO (2021-04-09 20:22:21) - Incrementing bf byte
INFO (2021-04-09 20:22:21) - Incrementing bf byte
INFO (2021-04-09 20:22:21) - Incrementing bf byte
INFO (2021-04-09 20:22:21) - Incrementing bf byte
INFO (2021-04-09 20:22:21) - Conditional forward jump
INFO (2021-04-09 20:22:21) - Getting current bf byte
INFO (2021-04-09 20:22:21) - Byte wasn't 0, adding current addr (695) to jump stack
INFO (2021-04-09 20:22:21) - Incrementing bf data pointer
INFO (2021-04-09 20:22:21) - Incrementing bf byte
INFO (2021-04-09 20:22:21) - Incrementing bf byte
INFO (2021-04-09 20:22:21) - Incrementing bf data pointer
INFO (2021-04-09 20:22:21) - Incrementing bf byte
INFO (2021-04-09 20:22:21) - Incrementing bf byte
INFO (2021-04-09 20:22:21) - Incrementing bf byte
INFO (2021-04-09 20:22:21) - Incrementing bf data pointer
INFO (2021-04-09 20:22:21) - Incrementing bf byte
INFO (2021-04-09 20:22:21) - Incrementing bf byte
INFO (2021-04-09 20:22:21) - Incrementing bf byte
INFO (2021-04-09 20:22:21) - Incrementing bf data pointer
INFO (2021-04-09 20:22:21) - Incrementing bf byte
INFO (2021-04-09 20:22:21) - Decrementing bf data pointer
INFO (2021-04-09 20:22:21) - Decrementing bf data pointer
INFO (2021-04-09 20:22:21) - Decrementing bf data pointer
INFO (2021-04-09 20:22:21) - Decrementing bf data pointer
INFO (2021-04-09 20:22:21) - Getting current bf byte
INFO (2021-04-09 20:22:21) - Decrementing bf byte
INFO (2021-04-09 20:22:21) - Conditional backward jump
INFO (2021-04-09 20:22:21) - Getting current bf byte
INFO (2021-04-09 20:22:21) - Byte was zero, jumping
INFO (2021-04-09 20:22:21) - Jumped to 695
INFO (2021-04-09 20:22:21) - Incrementing bf data pointer
INFO (2021-04-09 20:22:21) - Incrementing bf byte
INFO (2021-04-09 20:22:21) - Incrementing bf byte
INFO (2021-04-09 20:22:21) - Incrementing bf data pointer
INFO (2021-04-09 20:22:21) - Incrementing bf byte
INFO (2021-04-09 20:22:21) - Incrementing bf byte
INFO (2021-04-09 20:22:21) - Incrementing bf byte
INFO (2021-04-09 20:22:21) - Incrementing bf data pointer
INFO (2021-04-09 20:22:21) - Incrementing bf byte
INFO (2021-04-09 20:22:21) - Incrementing bf byte
INFO (2021-04-09 20:22:21) - Incrementing bf byte
INFO (2021-04-09 20:22:21) - Incrementing bf data pointer
INFO (2021-04-09 20:22:21) - Incrementing bf byte
INFO (2021-04-09 20:22:21) - Decrementing bf data pointer
INFO (2021-04-09 20:22:21) - Decrementing bf data pointer
INFO (2021-04-09 20:22:21) - Decrementing bf data pointer
INFO (2021-04-09 20:22:21) - Decrementing bf data pointer
INFO (2021-04-09 20:22:21) - Getting current bf byte
INFO (2021-04-09 20:22:21) - Decrementing bf byte
INFO (2021-04-09 20:22:21) - Conditional backward jump
INFO (2021-04-09 20:22:21) - Getting current bf byte
INFO (2021-04-09 20:22:21) - Byte was zero, jumping
ERROR (2021-04-09 20:22:21) - Tried to jump backward, but the jump stack is empty
