INFO - got command .
INFO - got command +
INFO - got command +
INFO - got command >
INFO - got command .
INFO - got command +
INFO - got command >
INFO - got command >
INFO - got command .
INFO - got command -
INFO - got command -
INFO - got command -
INFO - got command -
INFO - got command -
INFO - got command -
INFO - got command -
INFO - got command -
INFO - got command .
INFO - got command -
INFO - got command -
INFO - got command -
INFO - got command -
INFO - got command -
INFO - got command -
INFO - got command .
INFO - got command +
INFO - got command +
INFO - got command +
INFO - got command .
INFO - got command <
INFO - got command .
INFO - got command -
INFO - got command <
INFO - got command .
INFO - got command >
INFO - got command >
INFO - got command .
INFO - got command +
INFO - got command +
INFO - got command +
INFO - got command .
INFO - got command .
INFO - got command +
INFO - got command +
INFO - got command +
INFO - got command +
INFO - got command +
INFO - got command +
INFO - got command +
INFO - got command .
INFO - got command -
INFO - got command -
INFO - got command -
INFO - got command >
INFO - got command .
INFO - got command >
INFO - got command >
INFO - got command ]
INFO - got command -
INFO - got command <
INFO - got command ]
INFO - got command <
INFO - got command [
INFO - got command +
INFO - got command >
INFO - got command >
INFO - got command -
INFO - got command >
INFO - got command +
INFO - got command >
INFO - got command +
INFO - got command >
INFO - got command ]
INFO - got command -
INFO - got command <
INFO - got command <
INFO - got command <
INFO - got command <
INFO - got command +
INFO - got command >
INFO - got command +
INFO - got command +
INFO - got command +
INFO - got command >
INFO - got command +
INFO - got command +
INFO - got command +
INFO - got command >
INFO - got command +
INFO - got command +
INFO - got command >
INFO - got command [
INFO - got command +
INFO - got command +
INFO - got command +
INFO - got command +
INFO - got command >
INFO - got command [
INFO - got command +
INFO - got command +
INFO - got command +
INFO - got command +
INFO - got command +
INFO - got command +
INFO - got command +
INFO - got command +
INFO - got command ]
INFO - got command .
INFO - got command .
INFO - got command ]
INFO - got command [
INFO - got command ,
INFO - got command >
INFO - got command <
INFO - got command ,
INFO - got command -
INFO - got command ,
INFO - got command +
INFO - got command ,
INFO - got command ,
INFO - got command ,
INFO - got command .
INFO - got command .
INFO - got command ,
INFO - got command ]
INFO - got command .
INFO - got command [
INFO - got command .
INFO - got command ,
INFO - got command [
INFO - parsing file scripts/hello_world.bf
INFO - Initialising Brainfuck
