INFO (2021-04-09 22:06:35) - Initialising Brainfuck
INFO (2021-04-09 22:06:35) - parsing file scripts/fibonacci.bf
DEBUG (2021-04-09 22:06:35) - got command >
DEBUG (2021-04-09 22:06:35) - got command -
DEBUG (2021-04-09 22:06:35) - got command [
DEBUG (2021-04-09 22:06:35) - got command [
DEBUG (2021-04-09 22:06:35) - got command <
DEBUG (2021-04-09 22:06:35) - got command +
DEBUG (2021-04-09 22:06:35) - got command >
DEBUG (2021-04-09 22:06:35) - got command >
DEBUG (2021-04-09 22:06:35) - got command >
DEBUG (2021-04-09 22:06:35) - got command -
DEBUG (2021-04-09 22:06:35) - got command <
DEBUG (2021-04-09 22:06:35) - got command -
DEBUG (2021-04-09 22:06:35) - got command <
DEBUG (2021-04-09 22:06:35) - got command +
DEBUG (2021-04-09 22:06:35) - got command ]
DEBUG (2021-04-09 22:06:35) - got command >
DEBUG (2021-04-09 22:06:35) - got command ]
INFO (2021-04-09 22:06:35) - Running Brainfuck
DEBUG (2021-04-09 22:06:35) - Commands: 
DEBUG (2021-04-09 22:06:35) - 0: >
DEBUG (2021-04-09 22:06:35) - 1: -
DEBUG (2021-04-09 22:06:35) - 2: [ (closed @ 16)
DEBUG (2021-04-09 22:06:35) - 3: [ (closed @ 14)
DEBUG (2021-04-09 22:06:35) - 4: <
DEBUG (2021-04-09 22:06:35) - 5: +
DEBUG (2021-04-09 22:06:35) - 6: >
DEBUG (2021-04-09 22:06:35) - 7: >
DEBUG (2021-04-09 22:06:35) - 8: >
DEBUG (2021-04-09 22:06:35) - 9: -
DEBUG (2021-04-09 22:06:35) - 10: <
DEBUG (2021-04-09 22:06:35) - 11: -
DEBUG (2021-04-09 22:06:35) - 12: <
DEBUG (2021-04-09 22:06:35) - 13: +
DEBUG (2021-04-09 22:06:35) - 14: ]
DEBUG (2021-04-09 22:06:35) - 15: >
DEBUG (2021-04-09 22:06:35) - 16: ]
INFO (2021-04-09 22:06:35) - @0, command is >
INFO (2021-04-09 22:06:35) - Incrementing bf data pointer
INFO (2021-04-09 22:06:35) - @1, command is -
INFO (2021-04-09 22:06:35) - Decrementing bf byte
INFO (2021-04-09 22:06:35) - Getting current bf byte
INFO (2021-04-09 22:06:35) - Wrapped bf byte downwards from 0->255
INFO (2021-04-09 22:06:35) - @2, command is [
INFO (2021-04-09 22:06:35) - Conditional forward jump
INFO (2021-04-09 22:06:35) - Getting current bf byte
INFO (2021-04-09 22:06:35) - Byte wasn't 0, adding current addr (2) to jump stack
INFO (2021-04-09 22:06:35) - @3, command is [
INFO (2021-04-09 22:06:35) - Conditional forward jump
INFO (2021-04-09 22:06:35) - Getting current bf byte
INFO (2021-04-09 22:06:35) - Byte wasn't 0, adding current addr (3) to jump stack
INFO (2021-04-09 22:06:35) - @4, command is <
INFO (2021-04-09 22:06:35) - Decrementing bf data pointer
INFO (2021-04-09 22:06:35) - @5, command is +
INFO (2021-04-09 22:06:35) - Incrementing bf byte
INFO (2021-04-09 22:06:35) - Getting current bf byte
INFO (2021-04-09 22:06:35) - @6, command is >
INFO (2021-04-09 22:06:35) - Incrementing bf data pointer
INFO (2021-04-09 22:06:35) - @7, command is >
INFO (2021-04-09 22:06:35) - Incrementing bf data pointer
INFO (2021-04-09 22:06:35) - @8, command is >
INFO (2021-04-09 22:06:35) - Incrementing bf data pointer
INFO (2021-04-09 22:06:35) - @9, command is -
INFO (2021-04-09 22:06:35) - Decrementing bf byte
INFO (2021-04-09 22:06:35) - Getting current bf byte
INFO (2021-04-09 22:06:35) - Wrapped bf byte downwards from 0->255
INFO (2021-04-09 22:06:35) - @10, command is <
INFO (2021-04-09 22:06:35) - Decrementing bf data pointer
INFO (2021-04-09 22:06:35) - @11, command is -
INFO (2021-04-09 22:06:35) - Decrementing bf byte
INFO (2021-04-09 22:06:35) - Getting current bf byte
INFO (2021-04-09 22:06:35) - Wrapped bf byte downwards from 0->255
INFO (2021-04-09 22:06:35) - @12, command is <
INFO (2021-04-09 22:06:35) - Decrementing bf data pointer
INFO (2021-04-09 22:06:35) - @13, command is +
INFO (2021-04-09 22:06:35) - Incrementing bf byte
INFO (2021-04-09 22:06:35) - Getting current bf byte
INFO (2021-04-09 22:06:35) - Wrapped bf byte upwards from 255->0
INFO (2021-04-09 22:06:35) - @14, command is ]
INFO (2021-04-09 22:06:35) - Conditional backward jump
INFO (2021-04-09 22:06:35) - Getting current bf byte
INFO (2021-04-09 22:06:35) - Byte wasn't zero, popping jump stack & continuing
INFO (2021-04-09 22:06:35) - Initialising Brainfuck
INFO (2021-04-09