INFO (2021-04-09 21:57:12) - Initialising Brainfuck
INFO (2021-04-09 21:57:12) - parsing file scripts/fibonacci.bf
DEBUG (2021-04-09 21:57:12) - got command >
DEBUG (2021-04-09 21:57:12) - got command -
DEBUG (2021-04-09 21:57:12) - got command [
DEBUG (2021-04-09 21:57:12) - got command [
DEBUG (2021-04-09 21:57:12) - got command <
DEBUG (2021-04-09 21:57:12) - got command +
DEBUG (2021-04-09 21:57:12) - got command >
DEBUG (2021-04-09 21:57:12) - got command >
DEBUG (2021-04-09 21:57:12) - got command >
DEBUG (2021-04-09 21:57:12) - got command -
DEBUG (2021-04-09 21:57:12) - got command <
DEBUG (2021-04-09 21:57:12) - got command -
DEBUG (2021-04-09 21:57:12) - got command <
DEBUG (2021-04-09 21:57:12) - got command +
DEBUG (2021-04-09 21:57:12) - got command ]
DEBUG (2021-04-09 21:57:12) - got command >
DEBUG (2021-04-09 21:57:12) - got command ]
INFO (2021-04-09 21:57:12) - Running Brainfuck
DEBUG (2021-04-09 21:57:12) - Commands: 
DEBUG (2021-04-09 21:57:12) - 0: >
DEBUG (2021-04-09 21:57:12) - 1: -
DEBUG (2021-04-09 21:57:12) - 2: [ (closed @ 16)
DEBUG (2021-04-09 21:57:12) - 3: [ (closed @ 14)
DEBUG (2021-04-09 21:57:12) - 4: <
DEBUG (2021-04-09 21:57:12) - 5: +
DEBUG (2021-04-09 21:57:12) - 6: >
DEBUG (2021-04-09 21:57:12) - 7: >
DEBUG (2021-04-09 21:57:12) - 8: >
DEBUG (2021-04-09 21:57:12) - 9: -
DEBUG (2021-04-09 21:57:12) - 10: <
DEBUG (2021-04-09 21:57:12) - 11: -
DEBUG (2021-04-09 21:57:12) - 12: <
DEBUG (2021-04-09 21:57:12) - 13: +
DEBUG (2021-04-09 21:57:12) - 14: ]
DEBUG (2021-04-09 21:57:12) - 15: >
DEBUG (2021-04-09 21:57:12) - 16: ]
INFO (2021-04-09 21:57:12) - @0, command is >
INFO (2021-04-09 21:57:12) - Incrementing bf data pointer
INFO (2021-04-09 21:57:12) - @1, command is -
INFO (2021-04-09 21:57:12) - Decrementing bf byte
INFO (2021-04-09 21:57:12) - Getting current bf byte
INFO (2021-04-09 21:57:12) - Wrapped bf byte downwards from 0->255
INFO (2021-04-09 21:57:12) - @2, command is [
INFO (2021-04-09 21:57:12) - Conditional forward jump
INFO (2021-04-09 21:57:12) - Getting current bf byte
INFO (2021-04-09 21:57:12) - Byte wasn't 0, adding current addr (2) to jump stack
INFO (2021-04-09 21:57:12) - @3, command is [
INFO (2021-04-09 21:57:12) - Conditional forward jump
INFO (2021-04-09 21:57:12) - Getting current bf byte
INFO (2021-04-09 21:57:12) - Byte wasn't 0, adding current addr (3) to jump stack
INFO (2021-04-09 21:57:12) - @4, command is <
INFO (2021-04-09 21:57:12) - Decrementing bf data pointer
INFO (2021-04-09 21:57:12) - @5, command is +
INFO (2021-04-09 21:57:12) - Incrementing bf byte
INFO (2021-04-09 21:57:12) - Getting current bf byte
INFO (2021-04-09 21:57:12) - @6, command is >
INFO (2021-04-09 21:57:12) - Incrementing bf data pointer
INFO (2021-04-09 21:57:12) - @7, command is >
INFO (2021-04-09 21:57:12) - Incrementing bf data pointer
INFO (2021-04-09 21:57:12) - @8, command is >
INFO (2021-04-09 21:57:12) - Incrementing bf data pointer
INFO (2021-04-09 21:57:12) - @9, command is -
INFO (2021-04-09 21:57:12) - Decrementing bf byte
INFO (2021-04-09 21:57:12) - Getting current bf byte
INFO (2021-04-09 21:57:12) - Wrapped bf byte downwards from 0->255
INFO (2021-04-09 21:57:12) - @10, command is <
INFO (2021-04-09 21:57:12) - Decrementing bf data pointer
INFO (2021-04-09 21:57:12) - @11, command is -
INFO (2021-04-09 21:57:12) - Decrementing bf byte
INFO (2021-04-09 21:57:12) - Getting current bf byte
INFO (2021-04-09 21:57:12) - Wrapped bf byte downwards from 0->255
INFO (2021-04-09 21:57:12) - @12, command is <
INFO (2021-04-09 21:57:12) - Decrementing bf data pointer
INFO (2021-04-09 21:57:12) - @13, command is +
INFO (2021-04-09 21:57:12) - Incrementing bf byte
INFO (2021-04-09 21:57:12) - Getting current bf byte
INFO (2021-04-09 21:57:12) - Wrapped bf byte upwards from 255->0
INFO (2021-04-09 21:57:12) - @14, command is ]
INFO (2021-04-09 21:57:12) - Conditional backward jump
INFO (2021-04-09 21:57:12) - Getting current bf byte
INFO (2021-04-09 21:57:12) - Byte wasn't zero, popping jump stack & continuing
INFO (2021-04-09 21:57:12) - @15, command is >
INFO (2021-04-09 21:57:12) - Incrementing bf data pointer
INFO (2021-04-09 21:57:12) - @16, command is ]
INFO (2021-04-09 21:57:12) - Conditional backward jump
INFO (2021-04-09 21:57:12) - Getting current bf byte
INFO (2021-04-09 21:57:12) - Byte was zero, jumping
INFO (2021-04-09 21:57:12) - Jumped to 2
INFO (2021-04-09 21:57:12) - @3, command is [
INFO (2021-04-09 21:57:12) - Conditional forward jump
INFO (2021-04-09 21:57:12) - Getting current bf byte
INFO (2021-04-09 21:57:12) - Byte wasn't 0, adding current addr (3) to jump stack
INFO (2021-04-09 21:57:12) - @4, command is <
INFO (2021-04-09 21:57:12) - Decrementing bf data pointer
INFO (2021-04-09 21:57:12) - @5, command is +
INFO (2021-04-09 21:57:12) - Incrementing bf byte
INFO (2021-04-09 21:57:12) - Getting current bf byte
INFO (2021-04-09 21:57:12) - @6, command is >
INFO (2021-04-09 21:57:12) - Incrementing bf data pointer
INFO (2021-04-09 21:57:12) - @7, command is >
INFO (2021-04-09 21:57:12) - Incrementing bf data pointer
INFO (2021-04-09 21:57:12) - @8, command is >
INFO (2021-04-09 21:57:12) - Incrementing bf data pointer
INFO (2021-04-09 21:57:12) - @9, command is -
INFO (2021-04-09 21:57:12) - Decrementing bf byte
INFO (2021-04-09 21:57:12) - Getting current bf byte
INFO (2021-04-09 21:57:12) - Wrapped bf byte downwards from 0->255
INFO (2021-04-09 21:57:12) - @10, command is <
INFO (2021-04-09 21:57:12) - Decrementing bf data pointer
INFO (2021-04-09 21:57:12) - @11, command is -
INFO (2021-04-09 21:57:12) - Decrementing bf byte
INFO (2021-04-09 21:57:12) - Getting current bf byte
INFO (2021-04-09 21:57:12) - @12, command is <
INFO (2021-04-09 21:57:12) - Decrementing bf data pointer
INFO (2021-04-09 21:57:12) - @13, command is +
INFO (2021-04-09 21:57:12) - Incrementing bf byte
INFO (2021-04-09 21:57:12) - Getting current bf byte
INFO (2021-04-09 21:57:12) - Wrapped bf byte upwards from 255->0
INFO (2021-04-09 21:57:12) - @14, command is ]
INFO (2021-04-09 21:57:12) - Conditional backward jump
INFO (2021-04-09 21:57:12) - Getting current bf byte
INFO (2021-04-09 21:57:12) - Byte wasn't zero, popping jump stack & continuing
INFO (2021-04-09 21:57:12) - @15, command is >
INFO (2021-04-09 21:57:12) - Incrementing bf data pointer
INFO (2021-04-09 21:57:12) - @16, command is ]
INFO (2021-04-09 21:57:12) - Conditional backward jump
INFO (2021-04-09 21:57:12) - Getting current bf byte
INFO (2021-04-09 21:57:12) - Byte was zero, jumping
INFO (2021-04-09 21:57:12) - Jumped to 2
INFO (2021-04-09 21:57:12) - @3, command is [
INFO (2021-04-09 21:57:12) - Conditional forward jump
INFO (2021-04-09 21:57:12) - Getting current bf byte
INFO (2021-04-09 21:57:12) - Byte wasn't 0, adding current addr (3) to jump stack
INFO (2021-04-09 21:57:12) - @4, command is <
INFO (2021-04-09 21:57:12) - Decrementing bf data pointer
INFO (2021-04-09 21:57:12) - @5, command is +
INFO (2021-04-09 21:57:12) - Incrementing bf byte
INFO (2021-04-09 21:57:12) - Getting current bf byte
INFO (2021-04-09 21:57:12) - @6, command is >
INFO (2021-04-09 21:57:12) - Incrementing bf data pointer
INFO (2021-04-09 21:57:12) - @7, command is >
INFO (2021-04-09 21:57:12) - Incrementing bf data pointer
INFO (2021-04-09 21:57:12) - @8, command is >
INFO (2021-04-09 21:57:12) - Incrementing bf data pointer
INFO (2021-04-09 21:57:12) - @9, command is -
INFO (2021-04-09 21:57:12) - Decrementing bf byte
INFO (2021-04-09 21:57:12) - Getting current bf byte
INFO (2021-04-09 21:57:12) - Wrapped bf byte downwards from 0->255
INFO (2021-04-09 21:57:12) - @10, command is <
INFO (2021-04-09 21:57:12) - Decrementing bf data pointer
INFO (2021-04-09 21:57:12) - @11, command is -
INFO (2021-04-09 21:57:12) - Decrementing bf byte
INFO (2021-04-09 21:57:12) - Getting current bf byte
INFO (2021-04-09 21:57:12) - @12, command is <
INFO (2021-04-09 21:57:12) - Decrementing bf data pointer
INFO (2021-04-09 21:57:12) - @13, command is +
INFO (2021-04-09 21:57:12) - Incrementing bf byte
INFO (2021-04-09 21:57:12) - Getting current bf byte
INFO (2021-04-09 21:57:12) - @14, command is ]
INFO (2021-04-09 21:57:12) - Conditional backward jump
INFO (2021-04-09 21:57:12) - Getting current bf byte
INFO (2021-04-09 21:57:12) - Byte was zero, jumping
INFO (2021-04-09 21:57:12) - Jumped to 3
INFO (2021-04-09 21:57:12) - @4, command is <
INFO (2021-04-09 21:57:12) - Decrementing bf data pointer
INFO (2021-04-09 21:57:12) - @5, command is +
INFO (2021-04-09 21:57:12) - Incrementing bf byte
INFO (2021-04-09 21:57:12) - Getting current bf byte
INFO (2021-04-09 21:57:12) - @6, command is >
INFO (2021-04-09 21:57:12) - Incrementing bf data pointer
INFO (2021-04-09 21:57:12) - @7, command is >
INFO (2021-04-09 21:57:12) - Incrementing bf data pointer
INFO (2021-04-09 21:57:12) - @8, command is >
INFO (2021-04-09 21:57:12) - Incrementing bf data pointer
INFO (2021-04-09 21:57:12) - @9, command is -
INFO (2021-04-09 21:57:12) - Decrementing bf byte
INFO (2021-04-09 21:57:12) - Getting current bf byte
INFO (2021-04-09 21:57:12) - @10, command is <
INFO (2021-04-09 21:57:12) - Decrementing bf data pointer
INFO (2021-04-09 21:57:12) - @11, command is -
INFO (2021-04-09 21:57:12) - Decrementing bf byte
INFO (2021-04-09 21:57:12) - Getting current bf byte
INFO (2021-04-09 21:57:12) - @12, command is <
INFO (2021-04-09 21:57:12) - Decrementing bf data pointer
INFO (2021-04-09 21:57:12) - @13, command is +
INFO (2021-04-09 21:57:12) - Incrementing bf byte
INFO (2021-04-09 21:57:12) - Getting current bf byte
INFO (2021-04-09 21:57:12) - Wrapped bf byte upwards from 255->0
INFO (2021-04-09 21:57:12) - @14, command is ]
INFO (2021-04-09 21:57:12) - Conditional backward jump
INFO (2021-04-09 21:57:12) - Getting current bf byte
INFO (2021-04-09 21:57:12) - Byte wasn't zero, popping jump stack & continuing
INFO (2021-04-09 21:57:12) - @15, command is >
INFO (2021-04-09 21:57:12) - Incrementing bf data pointer
INFO (2021-04-09 21:57:12) - @16, command is ]
INFO (2021-04-09 21:57:12) - Conditional backward jump
INFO (2021-04-09 21:57:12) - Getting current bf byte
INFO (2021-04-09 21:57:12) - Byte was zero, jumping
INFO (2021-04-09 21:57:12) - Jumped to 2
INFO (2021-04-09 21:57:12) - @3, command is [
INFO (2021-04-09 21:57:12) - Conditional forward jump
INFO (2021-04-09 21:57:12) - Getting current bf byte
INFO (2021-04-09 21:57:12) - Byte wasn't 0, adding current addr (3) to jump stack
INFO (2021-04-09 21:57:12) - @4, command is <
INFO (2021-04-09 21:57:12) - Decrementing bf data pointer
INFO (2021-04-09 21:57:12) - @5, command is +
INFO (2021-04-09 21:57:12) - Incrementing bf byte
INFO (2021-04-09 21:57:12) - Getting current bf byte
INFO (2021-04-09 21:57:12) - @6, command is >
INFO (2021-04-09 21:57:12) - Incrementing bf data pointer
INFO (2021-04-09 21:57:12) - @7, command is >
INFO (2021-04-09 21:57:12) - Incrementing bf data pointer
INFO (2021-04-09 21:57:12) - @8, command is >
INFO (2021-04-09 21:57:12) - Incrementing bf data pointer
INFO (2021-04-09 21:57:12) - @9, command is -
INFO (2021-04-09 21:57:12) - Decrementing bf byte
INFO (2021-04-09 21:57:12) - Getting current bf byte
INFO (2021-04-09 21:57:12) - Wrapped bf byte downwards from 0->255
INFO (2021-04-09 21:57:12) - @10, command is <
INFO (2021-04-09 21:57:12) - Decrementing bf data pointer
INFO (2021-04-09 21:57:12) - @11, command is -
INFO (2021-04-09 21:57:12) - Decrementing bf byte
INFO (2021-04-09 21:57:12) - Getting current bf byte
INFO (2021-04-09 21:57:12) - @12, command is <
INFO (2021-04-09 21:57:12) - Decrementing bf data pointer
INFO (2021-04-09 21:57:12) - @13, command is +
INFO (2021-04-09 21:57:12) - Incrementing bf byte
INFO (2021-04-09 21:57:12) - Getting current bf byte
INFO (2021-04-09 21:57:12) - @14, command is ]
INFO (2021-04-09 21:57:12) - Conditional backward jump
INFO (2021-04-09 21:57:12) - Getting current bf byte
INFO (2021-04-09 21:57:12) - Byte was zero, jumping
INFO (2021-04-09 21:57:12) - Jumped to 3
INFO (2021-04-09 21:57:12) - @4, command is <
INFO (2021-04-09 21:57:12) - Decrementing bf data pointer
INFO (2021-04-09 21:57:12) - @5, command is +
INFO (2021-04-09 21:57:12) - Incrementing bf byte
INFO (2021-04-09 21:57:12) - Getting current bf byte
INFO (2021-04-09 21:57:12) - @6, command is >
INFO (2021-04-09 21:57:12) - Incrementing bf data pointer
INFO (2021-04-09 21:57:12) - @7, command is >
INFO (2021-04-09 21:57:12) - Incrementing bf data pointer
INFO (2021-04-09 21:57:12) - @8, command is >
INFO (2021-04-09 21:57:12) - Incrementing bf data pointer
INFO (2021-04-09 21:57:12) - @9, command is -
INFO (2021-04-09 21:57:12) - Decrementing bf byte
INFO (2021-04-09 21:57:12) - Getting current bf byte
INFO (2021-04-09 21:57:12) - @10, command is <
INFO (2021-04-09 21:57:12) - Decrementing bf data pointer
INFO (2021-04-09 21:57:12) - @11, command is -
INFO (2021-04-09 21:57:12) - Decrementing bf byte
INFO (2021-04-09 21:57:12) - Getting current bf byte
INFO (2021-04-09 21:57:12) - @12, command is <
INFO (2021-04-09 21:57:12) - Decrementing bf data pointer
INFO (2021-04-09 21:57:12) - @13, command is +
INFO (2021-04-09 21:57:12) - Incrementing bf byte
INFO (2021-04-09 21:57:12) - Getting current bf byte
INFO (2021-04-09 21:57:12) - @14, command is ]
INFO (2021-04-09 21:57:12) - Conditional backward jump
INFO (2021-04-09 21:57:12) - Getting current bf byte
INFO (2021-04-09 21:57:12) - Byte was zero, jumping
INFO (2021-04-09 21:57:12) - Jumped to 3
INFO (2021-04-09 21:57:12) - @4, command is <
INFO (2021-04-09 21:57:12) - Decrementing bf data pointer
INFO (2021-04-09 21:57:12) - @5, command is +
INFO (2021-04-09 21:57:12) - Incrementing bf byte
INFO (2021-04-09 21:57:12) - Getting current bf byte
INFO (2021-04-09 21:57:12) - @6, command is >
INFO (2021-04-09 21:57:12) - Incrementing bf data pointer
INFO (2021-04-09 21:57:12) - @7, command is >
INFO (2021-04-09 21:57:12) - Incrementing bf data pointer
INFO (2021-04-09 21:57:12) - @8, command is >
INFO (2021-04-09 21:57:12) - Incrementing bf data pointer
INFO (2021-04-09 21:57:12) - @9, command is -
INFO (2021-04-09 21:57:12) - Decrementing bf byte
INFO (2021-04-09 21:57:12) - Getting current bf byte
INFO (2021-04-09 21:57:12) - @10, command is <
INFO (2021-04-09 21:57:12) - Decrementing bf data pointer
INFO (2021-04-09 21:57:12) - @11, command is -
INFO (2021-04-09 21:57:12) - Decrementing bf byte
INFO (2021-04-09 21:57:12) - Getting current bf byte
INFO (2021-04-09 21:57:12) - @12, command is <
INFO (2021-04-09 21:57:12) - Decrementing bf data pointer
INFO (2021-04-09 21:57:12) - @13, command is +
INFO (2021-04-09 21:57:12) - Incrementing bf byte
INFO (2021-04-09 21:57:12) - Getting current bf byte
INFO (2021-04-09 21:57:12) - Wrapped bf byte upwards from 255->0
INFO (2021-04-09 21:57:12) - @14, command is ]
INFO (2021-04-09 21:57:12) - Conditional backward jump
INFO (2021-04-09 21:57:12) - Getting current bf byte
INFO (2021-04-09 21:57:12) - Byte wasn't zero, popping jump stack & continuing
INFO (2021-04-09 21:57:12) - @15, command is >
INFO (2021-04-09 21:57:12) - Incrementing bf data pointer
INFO (2021-04-09 21:57:12) - @16, command is ]
INFO (2021-04-09 21:57:12) - Conditional backward jump
INFO (2021-04-09 21:57:12) - Getting current bf byte
INFO (2021-04-09 21:57:12) - Byte was zero, jumping
INFO (2021-04-09 21:57:12) - Jumped to 2
INFO (2021-04-09 21:57:12) - @3, command is [
INFO (2021-04-09 21:57:12) - Conditional forward jump
INFO (2021-04-09 21:57:12) - Getting current bf byte
INFO (2021-04-09 21:57:12) - Byte wasn't 0, adding current addr (3) to jump stack
INFO (2021-04-09 21:57:12) - @4, command is <
INFO (2021-04-09 21:57:12) - Decrementing bf data pointer
INFO (2021-04-09 21:57:12) - @5, command is +
INFO (2021-04-09 21:57:12) - Incrementing bf byte
INFO (2021-04-09 21:57:12) - Getting current bf byte
INFO (2021-04-09 21:57:12) - @6, command is >
INFO (2021-04-09 21:57:12) - Incrementing bf data pointer
INFO (2021-04-09 21:57:12) - @7, command is >
INFO (2021-04-09 21:57:12) - Incrementing bf data pointer
INFO (2021-04-09 21:57:12) - @8, command is >
INFO (2021-04-09 21:57:12) - Incrementing bf data pointer
INFO (2021-04-09 21:57:12) - @9, command is -
INFO (2021-04-09 21:57:12) - Decrementing bf byte
INFO (2021-04-09 21:57:12) - Getting current bf byte
INFO (2021-04-09 21:57:12) - Wrapped bf byte downwards from 0->255
INFO (2021-04-09 21:57:12) - @10, command is <
INFO (2021-04-09 21:57:12) - Decrementing bf data pointer
INFO (2021-04-09 21:57:12) - @11, command is -
INFO (2021-04-09 21:57:12) - Decrementing bf byte
INFO (2021-04-09 21:57:12) - Getting current bf byte
INFO (2021-04-09 21:57:12) - @12, command is <
INFO (2021-04-09 21:57:12) - Decrementing bf data pointer
INFO (2021-04-09 21:57:12) - @13, command is +
INFO (2021-04-09 21:57:12) - Incrementing bf byte
INFO (2021-04-09 21:57:12) - Getting current bf byte
INFO (2021-04-09 21:57:12) - @14, command is ]
INFO (2021-04-09 21:57:12) - Conditional backward jump
INFO (2021-04-09 21:57:12) - Getting current bf byte
INFO (2021-04-09 21:57:12) - Byte was zero, jumping
INFO (2021-04-09 21:57:12) - Jumped to 3
INFO (2021-04-09 21:57:12) - @4, command is <
INFO (2021-04-09 21:57:12) - Decrementing bf data pointer
INFO (2021-04-09 21:57:12) - @5, command is +
INFO (2021-04-09 21:57:12) - Incrementing bf byte
INFO (2021-04-09 21:57:12) - Getting current bf byte
INFO (2021-04-09 21:57:12) - @6, command is >
INFO (2021-04-09 21:57:12) - Incrementing bf data pointer
INFO (2021-04-09 21:57:12) - @7, command is >
INFO (2021-04-09 21:57:12) - Incrementing bf data pointer
INFO (2021-04-09 21:57:12) - @8, command is >
INFO (2021-04-09 21:57:12) - Incrementing bf data pointer
INFO (2021-04-09 21:57:12) - @9, command is -
INFO (2021-04-09 21:57:12) - Decrementing bf byte
INFO (2021-04-09 21:57:12) - Getting current bf byte
INFO (2021-04-09 21:57:12) - @10, command is <
INFO (2021-04-09 21:57:12) - Decrementing bf data pointer
INFO (2021-04-09 21:57:12) - @11, command is -
INFO (2021-04-09 21:57:12) - Decrementing bf byte
INFO (2021-04-09 21:57:12) - Getting current bf byte
INFO (2021-04-09 21:57:12) - @12, command is <
INFO (2021-04-09 21:57:12) - Decrementing bf data pointer
INFO (2021-04-09 21:57:12) - @13, command is +
INFO (2021-04-09 21:57:12) - Incrementing bf byte
INFO (2021-04-09 21:57:12) - Getting current bf byte
INFO (2021-04-09 21:57:12) - @14, command is ]
INFO (2021-04-09 21:57:12) - Conditional backward jump
INFO (2021-04-09 21:57:12) - Getting current bf byte
INFO (2021-04-09 21:57:12) - Byte was zero, jumping
INFO (2021-04-09 21:57:12) - Jumped to 3
INFO (2021-04-09 21:57:12) - @4, command is <
INFO (2021-04-09 21:57:12) - Decrementing bf data pointer
INFO (2021-04-09 21:57:12) - @5, command is +
INFO (2021-04-09 21:57:12) - Incrementing bf byte
INFO (2021-04-09 21:57:12) - Getting current bf byte
INFO (2021-04-09 21:57:12) - @6, command is >
INFO (2021-04-09 21:57:12) - Incrementing bf data pointer
INFO (2021-04-09 21:57:12) - @7, command is >
INFO (2021-04-09 21:57:12) - Incrementing bf data pointer
INFO (2021-04-09 21:57:12) - @8, command is >
INFO (2021-04-09 21:57:12) - Incrementing bf data pointer
INFO (2021-04-09 21:57:12) - @9, command is -
INFO (2021-04-09 21:57:12) - Decrementing bf byte
INFO (2021-04-09 21:57:12) - Getting current bf byte
INFO (2021-04-09 21:57:12) - @10, command is <
INFO (2021-04-09 21:57:12) - Decrementing bf data pointer
INFO (2021-04-09 21:57:12) - @11, command is -
INFO (2021-04-09 21:57:12) - Decrementing bf byte
INFO (2021-04-09 21:57:12) - Getting current bf byte
INFO (2021-04-09 21:57:12) - @12, command is <
INFO (2021-04-09 21:57:12) - Decrementing bf data pointer
INFO (2021-04-09 21:57:12) - @13, command is +
INFO (2021-04-09 21:57:12) - Incrementing bf byte
INFO (2021-04-09 21:57:12) - Getting current bf byte
INFO (2021-04-09 21:57:12) - @14, command is ]
INFO (2021-04-09 21:57:12) - Conditional backward jump
INFO (2021-04-09 21:57:12) - Getting current bf byte
INFO (2021-04-09 21:57:12) - Byte was zero, jumping
INFO (2021-04-09 21:57:12) - Jumped to 3
INFO (2021-04-09 21:57:12) - @4, command is <
INFO (2021-04-09 21:57:12) - Decrementing bf data pointer
INFO (2021-04-09 21:57:12) - @5, command is +
INFO (2021-04-09 21:57:12) - Incrementing bf byte
INFO (2021-04-09 21:57:12) - Getting current bf byte
INFO (2021-04-09 21:57:12) - @6, command is >
INFO (2021-04-09 21:57:12) - Incrementing bf data pointer
INFO (2021-04-09 21:57:12) - @7, command is >
INFO (2021-04-09 21:57:12) - Incrementing bf data pointer
INFO (2021-04-09 21:57:12) - @8, command is >
INFO (2021-04-09 21:57:12) - Incrementing bf data pointer
INFO (2021-04-09 21:57:12) - @9, command is -
INFO (2021-04-09 21:57:12) - Decrementing bf byte
INFO (2021-04-09 21:57:12) - Getting current bf byte
INFO (2021-04-09 21:57:12) - @10, command is <
INFO (2021-04-09 21:57:12) - Decrementing bf data pointer
INFO (2021-04-09 21:57:12) - @11, command is -
INFO (2021-04-09 21:57:12) - Decrementing bf byte
INFO (2021-04-09 21:57:12) - Getting current bf byte
INFO (2021-04-09 21:57:12) - @12, command is <
INFO (2021-04-09 21:57:12) - Decrementing bf data pointer
INFO (2021-04-09 21:57:12) - @13, command is +
INFO (2021-04-09 21:57:12) - Incrementing bf byte
INFO (2021-04-09 21:57:12) - Getting current bf byte
INFO (2021-04-09 21:57:12) - @14, command is ]
INFO (2021-04-09 21:57:12) - Conditional backward jump
INFO (2021-04-09 21:57:12) - Getting current bf byte
INFO (2021-04-09 21:57:12) - Byte was zero, jumping
INFO (2021-04-09 21:57:12) - Jumped to 3
INFO (2021-04-09 21:57:12) - @4, command is <
INFO (2021-04-09 21:57:12) - Decrementing bf data pointer
INFO (2021-04-09 21:57:12) - @5, command is +
INFO (2021-04-09 21:57:12) - Incrementing bf byte
INFO (2021-04-09 21:57:12) - Getting current bf byte
INFO (2021-04-09 21:57:12) - @6, command is >
INFO (2021-04-09 21:57:12) - Incrementing bf data pointer
INFO (2021-04-09 21:57:12) - @7, command is >
INFO (2021-04-09 21:57:12) - Incrementing bf data pointer
INFO (2021-04-09 21:57:12) - @8, command is >
INFO (2021-04-09 21:57:12) - Incrementing bf data pointer
INFO (2021-04-09 21:57:12) - @9, command is -
INFO (2021-04-09 21:57:12) - Decrementing bf byte
INFO (2021-04-09 21:57:12) - Getting current bf byte
INFO (2021-04-09 21:57:12) - @10, command is <
INFO (2021-04-09 21:57:12) - Decrementing bf data pointer
INFO (2021-04-09 21:57:12) - @11, command is -
INFO (2021-04-09 21:57:12) - Decrementing bf byte
INFO (2021-04-09 21:57:12) - Getting current bf byte
INFO (2021-04-09 21:57:12) - @12, command is <
INFO (2021-04-09 21:57:12) - Decrementing bf data pointer
INFO (2021-04-09 21:57:12) - @13, command is +
INFO (2021-04-09 21:57:12) - Incrementing bf byte
INFO (2021-04-09 21:57:12) - Getting current bf byte
INFO (2021-04-09 21:57:12) - Wrapped bf byte upwards from 255->0
INFO (2021-04-09 21:57:12) - @14, command is ]
INFO (2021-04-09 21:57:12) - Conditional backward jump
INFO (2021-04-09 21:57:12) - Getting current bf byte
INFO (2021-04-09 21:57:12) - Byte wasn't zero, popping jump stack & continuing
INFO (2021-04-09 21:57:12) - @15, command is >
INFO (2021-04-09 21:57:12) - Incrementing bf data pointer
INFO (2021-04-09 21:57:12) - @16, command is ]
INFO (2021-04-09 21:57:12) - Conditional backward jump
INFO (2021-04-09 21:57:12) - Getting current bf byte
INFO (2021-04-09 21:57:12) - Byte was zero, jumping
INFO (2021-04-09 21:57:12) - Jumped to 2
INFO (2021-04-09 21:57:12) - @3, command is [
INFO (2021-04-09 21:57:12) - Conditional forward jump
INFO (2021-04-09 21:57:12) - Getting current bf byte
INFO (2021-04-09 21:57:12) - Byte wasn't 0, adding current addr (3) to jump stack
INFO (2021-04-09 21:57:12) - @4, command is <
INFO (2021-04-09 21:57:12) - Decrementing bf data pointer
INFO (2021-04-09 21:57:12) - @5, command is +
INFO (2021-04-09 21:57:12) - Incrementing bf byte
INFO (2021-04-09 21:57:12) - Getting current bf byte
INFO (2021-04-09 21:57:12) - @6, command is >
INFO (2021-04-09 21:57:12) - Incrementing bf data pointer
INFO (2021-04-09 21:57:12) - @7, command is >
INFO (2021-04-09 21:57:12) - Incrementing bf data pointer
INFO (2021-04-09 21:57:12) - @8, command is >
INFO (2021-04-09 21:57:12) - Incrementing bf data pointer
INFO (2021-04-09 21:57:12) - @9, command is -
INFO (2021-04-09 21:57:12) - Decrementing bf byte
INFO (2021-04-09 21:57:12) - Getting current bf byte
INFO (2021-04-09 21:57:12) - Wrapped bf byte downwards from 0->255
INFO (2021-04-09 21:57:12) - @10, command is <
INFO (2021-04-09 21:57:12) - Decrementing bf data pointer
INFO (2021-04-09 21:57:12) - @11, command is -
INFO (2021-04-09 21:57:12) - Decrementing bf byte
INFO (2021-04-09 21:57:12) - Getting current bf byte
INFO (2021-04-09 21:57:12) - @12, command is <
INFO (2021-04-09 21:57:12) - Decrementing bf data pointer
INFO (2021-04-09 21:57:12) - @13, command is +
INFO (2021-04-09 21:57:12) - Incrementing bf byte
INFO (2021-04-09 21:57:12) - Getting current bf byte
INFO (2021-04-09 21:57:12) - @14, command is ]
INFO (2021-04-09 21:57:12) - Conditional backward jump
INFO (2021-04-09 21:57:12) - Getting current bf byte
INFO (2021-04-09 21:57:12) - Byte was zero, jumping
INFO (2021-04-09 21:57:12) - Jumped to 3
INFO (2021-04-09 21:57:12) - @4, command is <
INFO (2021-04-09 21:57:12) - Decrementing bf data pointer
INFO (2021-04-09 21:57:12) - @5, command is +
INFO (2021-04-09 21:57:12) - Incrementing bf byte
INFO (2021-04-09 21:57:12) - Getting current bf byte
INFO (2021-04-09 21:57:12) - @6, command is >
INFO (2021-04-09 21:57:12) - Incrementing bf data pointer
INFO (2021-04-09 21:57:12) - @7, command is >
INFO (2021-04-09 21:57:12) - Incrementing bf data pointer
INFO (2021-04-09 21:57:12) - @8, command is >
INFO (2021-04-09 21:57:12) - Incrementing bf data pointer
INFO (2021-04-09 21:57:12) - @9, command is -
INFO (2021-04-09 21:57:12) - Decrementing bf byte
INFO (2021-04-09 21:57:12) - Getting current bf byte
INFO (2021-04-09 21:57:12) - @10, command is <
INFO (2021-04-09 21:57:12) - Decrementing bf data pointer
INFO (2021-04-09 21:57:12) - @11, command is -
INFO (2021-04-09 21:57:12) - Decrementing bf byte
INFO (2021-04-09 21:57:12) - Getting current bf byte
INFO (2021-04-09 21:57:12) - @12, command is <
INFO (2021-04-09 21:57:12) - Decrementing bf data pointer
INFO (2021-04-09 21:57:12) - @13, command is +
INFO (2021-04-09 21:57:12) - Incrementing bf byte
INFO (2021-04-09 21:57:12) - Getting current bf byte
INFO (2021-04-09 21:57:12) - @14, command is ]
INFO (2021-04-09 21:57:12) - Conditional backward jump
INFO (2021-04-09 21:57:12) - Getting current bf byte
INFO (2021-04-09 21:57:12) - Byte was zero, jumping
INFO (2021-04-09 21:57:12) - Jumped to 3
INFO (2021-04-09 21:57:12) - @4, command is <
INFO (2021-04-09 21:57:12) - Decrementing bf data pointer
INFO (2021-04-09 21:57:12) - @5, command is +
INFO (2021-04-09 21:57:12) - Incrementing bf byte
INFO (2021-04-09 21:57:12) - Getting current bf byte
INFO (2021-04-09 21:57:12) - @6, command is >
INFO (2021-04-09 21:57:12) - Incrementing bf data pointer
INFO (2021-04-09 21:57:12) - @7, command is >
INFO (2021-04-09 21:57:12) - Incrementing bf data pointer
INFO (2021-04-09 21:57:12) - @8, command is >
INFO (2021-04-09 21:57:12) - Incrementing bf data pointer
INFO (2021-04-09 21:57:12) - @9, command is -
INFO (2021-04-09 21:57:12) - Decrementing bf byte
INFO (2021-04-09 21:57:12) - Getting current bf byte
INFO (2021-04-09 21:57:12) - @10, command is <
INFO (2021-04-09 21:57:12) - Decrementing bf data pointer
INFO (2021-04-09 21:57:12) - @11, command is -
INFO (2021-04-09 21:57:12) - Decrementing bf byte
INFO (2021-04-09 21:57:12) - Getting current bf byte
INFO (2021-04-09 21:57:12) - @12, command is <
INFO (2021-04-09 21:57:12) - Decrementing bf data pointer
INFO (2021-04-09 21:57:12) - @13, command is +
INFO (2021-04-09 21:57:12) - Incrementing bf byte
INFO (2021-04-09 21:57:12) - Getting current bf byte
INFO (2021-04-09 21:57:12) - @14, command is ]
INFO (2021-04-09 21:57:12) - Conditional backward jump
INFO (2021-04-09 21:57:12) - Getting current bf byte
INFO (2021-04-09 21:57:12) - Byte was zero, jumping
INFO (2021-04-09 21:57:12) - Jumped to 3
INFO (2021-04-09 21:57:12) - @4, command is <
INFO (2021-04-09 21:57:12) - Decrementing bf data pointer
INFO (2021-04-09 21:57:12) - @5, command is +
INFO (2021-04-09 21:57:12) - Incrementing bf byte
INFO (2021-04-09 21:57:12) - Getting current bf byte
INFO (2021-04-09 21:57:12) - @6, command is >
INFO (2021-04-09 21:57:12) - Incrementing bf data pointer
INFO (2021-04-09 21:57:12) - @7, command is >
INFO (2021-04-09 21:57:12) - Incrementing bf data pointer
INFO (2021-04-09 21:57:12) - @8, command is >
INFO (2021-04-09 21:57:12) - Incrementing bf data pointer
INFO (2021-04-09 21:57:12) - @9, command is -
INFO (2021-04-09 21:57:12) - Decrementing bf byte
INFO (2021-04-09 21:57:12) - Getting current bf byte
INFO (2021-04-09 21:57:12) - @10, command is <
INFO (2021-04-09 21:57:12) - Decrementing bf data pointer
INFO (2021-04-09 21:57:12) - @11, command is -
INFO (2021-04-09 21:57:12) - Decrementing bf byte
INFO (2021-04-09 21:57:12) - Getting current bf byte
INFO (2021-04-09 21:57:12) - @12, command is <
INFO (2021-04-09 21:57:12) - Decrementing bf data pointer
INFO (2021-04-09 21:57:12) - @13, command is +
INFO (2021-04-09 21:57:12) - Incrementing bf byte
INFO (2021-04-09 21:57:12) - Getting current bf byte
INFO (2021-04-09 21:57:12) - @14, command is ]
INFO (2021-04-09 21:57:12) - Conditional backward jump
INFO (2021-04-09 21:57:12) - Getting current bf byte
INFO (2021-04-09 21:57:12) - Byte was zero, jumping
INFO (2021-04-09 21:57:12) - Jumped to 3
INFO (2021-04-09 21:57:12) - @4, command is <
INFO (2021-04-09 21:57:12) - Decrementing bf data pointer
INFO (2021-04-09 21:57:12) - @5, command is +
INFO (2021-04-09 21:57:12) - Incrementing bf byte
INFO (2021-04-09 21:57:12) - Getting current bf byte
INFO (2021-04-09 21:57:12) - @6, command is >
INFO (2021-04-09 21:57:12) - Incrementing bf data pointer
INFO (2021-04-09 21:57:12) - @7, command is >
INFO (2021-04-09 21:57:12) - Incrementing bf data pointer
INFO (2021-04-09 21:57:12) - @8, command is >
INFO (2021-04-09 21:57:12) - Incrementing bf data pointer
INFO (2021-04-09 21:57:12) - @9, command is -
INFO (2021-04-09 21:57:12) - Decrementing bf byte
INFO (2021-04-09 21:57:12) - Getting current bf byte
INFO (2021-04-09 21:57:12) - @10, command is <
INFO (2021-04-09 21:57:12) - Decrementing bf data pointer
INFO (2021-04-09 21:57:12) - @11, command is -
INFO (2021-04-09 21:57:12) - Decrementing bf byte
INFO (2021-04-09 21:57:12) - Getting current bf byte
INFO (2021-04-09 21:57:12) - @12, command is <
INFO (2021-04-09 21:57:12) - Decrementing bf data pointer
INFO (2021-04-09 21:57:12) - @13, command is +
INFO (2021-04-09 21:57:12) - Incrementing bf byte
INFO (2021-04-09 21:57:12) - Getting current bf byte
INFO (2021-04-09 21:57:12) - @14, command is ]
INFO (2021-04-09 21:57:12) - Conditional backward jump
INFO (2021-04-09 21:57:12) - Getting current bf byte
INFO (2021-04-09 21:57:12) - Byte was zero, jumping
INFO (2021-04-09 21:57:12) - Jumped to 3
INFO (2021-04-09 21:57:12) - @4, command is <
INFO (2021-04-09 21:57:12) - Decrementing bf data pointer
INFO (2021-04-09 21:57:12) - @5, command is +
INFO (2021-04-09 21:57:12) - Incrementing bf byte
INFO (2021-04-09 21:57:12) - Getting current bf byte
INFO (2021-04-09 21:57:12) - @6, command is >
INFO (2021-04-09 21:57:12) - Incrementing bf data pointer
INFO (2021-04-09 21:57:12) - @7, command is >
INFO (2021-04-09 21:57:12) - Incrementing bf data pointer
INFO (2021-04-09 21:57:12) - @8, command is >
INFO (2021-04-09 21:57:12) - Incrementing bf data pointer
INFO (2021-04-09 21:57:12) - @9, command is -
INFO (2021-04-09 21:57:12) - Decrementing bf byte
INFO (2021-04-09 21:57:12) - Getting current bf byte
INFO (2021-04-09 21:57:12) - @10, command is <
INFO (2021-04-09 21:57:12) - Decrementing bf data pointer
INFO (2021-04-09 21:57:12) - @11, command is -
INFO (2021-04-09 21:57:12) - Decrementing bf byte
INFO (2021-04-09 21:57:12) - Getting current bf byte
INFO (2021-04-09 21:57:12) - @12, command is <
INFO (2021-04-09 21:57:12) - Decrementing bf data pointer
INFO (2021-04-09 21:57:12) - @13, command is +
INFO (2021-04-09 21:57:12) - Incrementing bf byte
INFO (2021-04-09 21:57:12) - Getting current bf byte
INFO (2021-04-09 21:57:12) - @14, command is ]
INFO (2021-04-09 21:57:12) - Conditional backward jump
INFO (2021-04-09 21:57:12) - Getting current bf byte
INFO (2021-04-09 21:57:12) - Byte was zero, jumping
INFO (2021-04-09 21:57:12) - Jumped to 3
INFO (2021-04-09 21:57:12) - @4, command is <
INFO (2021-04-09 21:57:12) - Decrementing bf data pointer
INFO (2021-04-09 21:57:12) - @5, command is +
INFO (2021-04-09 21:57:12) - Incrementing bf byte
INFO (2021-04-09 21:57:12) - Getting current bf byte
INFO (2021-04-09 21:57:12) - @6, command is >
INFO (2021-04-09 21:57:12) - Incrementing bf data pointer
INFO (2021-04-09 21:57:12) - @7, command is >
INFO (2021-04-09 21:57:12) - Incrementing bf data pointer
INFO (2021-04-09 21:57:12) - @8, command is >
INFO (2021-04-09 21:57:12) - Incrementing bf data pointer
INFO (2021-04-09 21:57:12) - @9, command is -
INFO (2021-04-09 21:57:12) - Decrementing bf byte
INFO (2021-04-09 21:57:12) - Getting current bf byte
INFO (2021-04-09 21:57:12) - @10, command is <
INFO (2021-04-09 21:57:12) - Decrementing bf data pointer
INFO (2021-04-09 21:57:12) - @11, command is -
INFO (2021-04-09 21:57:12) - Decrementing bf byte
INFO (2021-04-09 21:57:12) - Getting current bf byte
INFO (2021-04-09 21:57:12) - @12, command is <
INFO (2021-04-09 21:57:12) - Decrementing bf data pointer
INFO (2021-04-09 21:57:12) - @13, command is +
INFO (2021-04-09 21:57:12) - Incrementing bf byte
INFO (2021-04-09 21:57:12) - Getting current bf byte
INFO (2021-04-09 21:57:12) - @14, command is ]
INFO (2021-04-09 21:57:12) - Conditional backward jump
INFO (2021-04-09 21:57:12) - Getting current bf byte
INFO (2021-04-09 21:57:12) - Byte was zero, jumping
INFO (2021-04-09 21:57:12) - Jumped to 3
INFO (2021-04-09 21:57:12) - @4, command is <
INFO (2021-04-09 21:57:12) - Decrementing bf data pointer
INFO (2021-04-09 21:57:12) - @5, command is +
INFO (2021-04-09 21:57:12) - Incrementing bf byte
INFO (2021-04-09 21:57:12) - Getting current bf byte
INFO (2021-04-09 21:57:12) - @6, command is >
INFO (2021-04-09 21:57:12) - Incrementing bf data pointer
INFO (2021-04-09 21:57:12) - @7, command is >
INFO (2021-04-09 21:57:12) - Incrementing bf data pointer
INFO (2021-04-09 21:57:12) - @8, command is >
INFO (2021-04-09 21:57:12) - Incrementing bf data pointer
INFO (2021-04-09 21:57:12) - @9, command is -
INFO (2021-04-09 21:57:12) - Decrementing bf byte
INFO (2021-04-09 21:57:12) - Getting current bf byte
INFO (2021-04-09 21:57:12) - @10, command is <
INFO (2021-04-09 21:57:12) - Decrementing bf data pointer
INFO (2021-04-09 21:57:12) - @11, command is -
INFO (2021-04-09 21:57:12) - Decrementing bf byte
INFO (2021-04-09 21:57:12) - Getting current bf byte
INFO (2021-04-09 21:57:12) - @12, command is <
INFO (2021-04-09 21:57:12) - Decrementing bf data pointer
INFO (2021-04-09 21:57:12) - @13, command is +
INFO (2021-04-09 21:57:12) - Incrementing bf byte
INFO (2021-04-09 21:57:12) - Getting current bf byte
INFO (2021-04-09 21:57:12) - Wrapped bf byte upwards from 255->0
INFO (2021-04-09 21:57:12) - @14, command is ]
INFO (2021-04-09 21:57:12) - Conditional backward jump
INFO (2021-04-09 21:57:12) - Getting current bf byte
INFO (2021-04-09 21:57:12) - Byte wasn't zero, popping jump stack & continuing
INFO (2021-04-09 21:57:12) - @15, command is >
INFO (2021-04-09 21:57:12) - Incrementing bf data pointer
INFO (2021-04-09 21:57:12) - @16, command is ]
INFO (2021-04-09 21:57:12) - Conditional backward jump
INFO (2021-04-09 21:57:12) - Getting current bf byte
INFO (2021-04-09 21:57:12) - Byte was zero, jumping
INFO (2021-04-09 21:57:12) - Jumped to 2
INFO (2021-04-09 21:57:12) - @3, command is [
INFO (2021-04-09 21:57:12) - Conditional forward jump
INFO (2021-04-09 21:57:12) - Getting current bf byte
INFO (2021-04-09 21:57:12) - Byte wasn't 0, adding current addr (3) to jump stack
INFO (2021-04-09 21:57:12) - @4, command is <
INFO (2021-04-09 21:57:12) - Decrementing bf data pointer
INFO (2021-04-09 21:57:12) - @5, command is +
INFO (2021-04-09 21:57:12) - Incrementing bf byte
INFO (2021-04-09 21:57:12) - Getting current bf byte
INFO (2021-04-09 21:57:12) - @6, command is >
INFO (2021-04-09 21:57:12) - Incrementing bf data pointer
INFO (2021-04-09 21:57:12) - @7, command is >
INFO (2021-04-09 21:57:12) - Incrementing bf data pointer
INFO (2021-04-09 21:57:12) - @8, command is >
INFO (2021-04-09 21:57:12) - Incrementing bf data pointer
INFO (2021-04-09 21:57:12) - @9, command is -
INFO (2021-04-09 21:57:12) - Decrementing bf byte
INFO (2021-04-09 21:57:12) - Getting current bf byte
INFO (2021-04-09 21:57:12) - Wrapped bf byte downwards from 0->255
INFO (2021-04-09 21:57:12) - @10, command is <
INFO (2021-04-09 21:57:12) - Decrementing bf data pointer
INFO (2021-04-09 21:57:12) - @11, command is -
INFO (2021-04-09 21:57:12) - Decrementing bf byte
INFO (2021-04-09 21:57:12) - Getting current bf byte
INFO (2021-04-09 21:57:12) - @12, command is <
INFO (2021-04-09 21:57:12) - Decrementing bf data pointer
INFO (2021-04-09 21:57:12) - @13, command is +
INFO (2021-04-09 21:57:12) - Incrementing bf byte
INFO (2021-04-09 21:57:12) - Getting current bf byte
INFO (2021-04-09 21:57:12) - @14, command is ]
INFO (2021-04-09 21:57:12) - Conditional backward jump
INFO (2021-04-09 21:57:12) - Getting current bf byte
INFO (2021-04-09 21:57:12) - Byte was zero, jumping
INFO (2021-04-09 21:57:12) - Jumped to 3
INFO (2021-04-09 21:57:12) - @4, command is <
INFO (2021-04-09 21:57:12) - Decrementing bf data pointer
INFO (2021-04-09 21:57:12) - @5, command is +
INFO (2021-04-09 21:57:12) - Incrementing bf byte
INFO (2021-04-09 21:57:12) - Getting current bf byte
INFO (2021-04-09 21:57:12) - @6, command is >
INFO (2021-04-09 21:57:12) - Incrementing bf data pointer
INFO (2021-04-09 21:57:12) - @7, command is >
INFO (2021-04-09 21:57:12) - Incrementing bf data pointer
INFO (2021-04-09 21:57:12) - @8, command is >
INFO (2021-04-09 21:57:12) - Incrementing bf data pointer
INFO (2021-04-09 21:57:12) - @9, command is -
INFO (2021-04-09 21:57:12) - Decrementing bf byte
INFO (2021-04-09 21:57:12) - Getting current bf byte
INFO (2021-04-09 21:57:12) - @10, command is <
INFO (2021-04-09 21:57:12) - Decrementing bf data pointer
INFO (2021-04-09 21:57:12) - @11, command is -
INFO (2021-04-09 21:57:12) - Decrementing bf byte
INFO (2021-04-09 21:57:12) - Getting current bf byte
INFO (2021-04-09 21:57:12) - @12, command is <
INFO (2021-04-09 21:57:12) - Decrementing bf data pointer
INFO (2021-04-09 21:57:12) - @13, command is +
INFO (2021-04-09 21:57:12) - Incrementing bf byte
INFO (2021-04-09 21:57:12) - Getting current bf byte
INFO (2021-04-09 21:57:12) - @14, command is ]
INFO (2021-04-09 21:57:12) - Conditional backward jump
INFO (2021-04-09 21:57:12) - Getting current bf byte
INFO (2021-04-09 21:57:12) - Byte was zero, jumping
INFO (2021-04-09 21:57:12) - Jumped to 3
INFO (2021-04-09 21:57:12) - @4, command is <
INFO (2021-04-09 21:57:12) - Decrementing bf data pointer
INFO (2021-04-09 21:57:12) - @5, command is +
INFO (2021-04-09 21:57:12) - Incrementing bf byte
INFO (2021-04-09 21:57:12) - Getting current bf byte
INFO (2021-04-09 21:57:12) - @6, command is >
INFO (2021-04-09 21:57:12) - Incrementing bf data pointer
INFO (2021-04-09 21:57:12) - @7, command is >
INFO (2021-04-09 21:57:12) - Incrementing bf data pointer
INFO (2021-04-09 21:57:12) - @8, command is >
INFO (2021-04-09 21:57:12) - Incrementing bf data pointer
INFO (2021-04-09 21:57:12) - @9, command is -
INFO (2021-04-09 21:57:12) - Decrementing bf byte
INFO (2021-04-09 21:57:12) - Getting current bf byte
INFO (2021-04-09 21:57:12) - @10, command is <
INFO (2021-04-09 21:57:12) - Decrementing bf data pointer
INFO (2021-04-09 21:57:12) - @11, command is -
INFO (2021-04-09 21:57:12) - Decrementing bf byte
INFO (2021-04-09 21:57:12) - Getting current bf byte
INFO (2021-04-09 21:57:12) - @12, command is <
INFO (2021-04-09 21:57:12) - Decrementing bf data pointer
INFO (2021-04-09 21:57:12) - @13, command is +
INFO (2021-04-09 21:57:12) - Incrementing bf byte
INFO (2021-04-09 21:57:12) - Getting current bf byte
INFO (2021-04-09 21:57:12) - @14, command is ]
INFO (2021-04-09 21:57:12) - Conditional backward jump
INFO (2021-04-09 21:57:12) - Getting current bf byte
INFO (2021-04-09 21:57:12) - Byte was zero, jumping
INFO (2021-04-09 21:57:12) - Jumped to 3
INFO (2021-04-09 21:57:12) - @4, command is <
INFO (2021-04-09 21:57:12) - Decrementing bf data pointer
INFO (2021-04-09 21:57:12) - @5, command is +
INFO (2021-04-09 21:57:12) - Incrementing bf byte
INFO (2021-04-09 21:57:12) - Getting current bf byte
INFO (2021-04-09 21:57:12) - @6, command is >
INFO (2021-04-09 21:57:12) - Incrementing bf data pointer
INFO (2021-04-09 21:57:12) - @7, command is >
INFO (2021-04-09 21:57:12) - Incrementing bf data pointer
INFO (2021-04-09 21:57:12) - @8, command is >
INFO (2021-04-09 21:57:12) - Incrementing bf data pointer
INFO (2021-04-09 21:57:12) - @9, command is -
INFO (2021-04-09 21:57:12) - Decrementing bf byte
INFO (2021-04-09 21:57:12) - Getting current bf byte
INFO (2021-04-09 21:57:12) - @10, command is <
INFO (2021-04-09 21:57:12) - Decrementing bf data pointer
INFO (2021-04-09 21:57:12) - @11, command is -
INFO (2021-04-09 21:57:12) - Decrementing bf byte
INFO (2021-04-09 21:57:12) - Getting current bf byte
INFO (2021-04-09 21:57:12) - @12, command is <
INFO (2021-04-09 21:57:12) - Decrementing bf data pointer
INFO (2021-04-09 21:57:12) - @13, command is +
INFO (2021-04-09 21:57:12) - Incrementing bf byte
INFO (2021-04-09 21:57:12) - Getting current bf byte
INFO (2021-04-09 21:57:12) - @14, command is ]
INFO (2021-04-09 21:57:12) - Conditional backward jump
INFO (2021-04-09 21:57:12) - Getting current bf byte
INFO (2021-04-09 21:57:12) - Byte was zero, jumping
INFO (2021-04-09 21:57:12) - Jumped to 3
INFO (2021-04-09 21:57:12) - @4, command is <
INFO (2021-04-09 21:57:12) - Decrementing bf data pointer
INFO (2021-04-09 21:57:12) - @5, command is +
INFO (2021-04-09 21:57:12) - Incrementing bf byte
INFO (2021-04-09 21:57:12) - Getting current bf byte
INFO (2021-04-09 21:57:12) - @6, command is >
INFO (2021-04-09 21:57:12) - Incrementing bf data pointer
INFO (2021-04-09 21:57:12) - @7, command is >
INFO (2021-04-09 21:57:12) - Incrementing bf data pointer
INFO (2021-04-09 21:57:12) - @8, command is >
INFO (2021-04-09 21:57:12) - Incrementing bf data pointer
INFO (2021-04-09 21:57:12) - @9, command is -
INFO (2021-04-09 21:57:12) - Decrementing bf byte
INFO (2021-04-09 21:57:12) - Getting current bf byte
INFO (2021-04-09 21:57:12) - @10, command is <
INFO (2021-04-09 21:57:12) - Decrementing bf data pointer
INFO (2021-04-09 21:57:12) - @11, command is -
INFO (2021-04-09 21:57:12) - Decrementing bf byte
INFO (2021-04-09 21:57:12) - Getting current bf byte
INFO (2021-04-09 21:57:12) - @12, command is <
INFO (2021-04-09 21:57:12) - Decrementing bf data pointer
INFO (2021-04-09 21:57:12) - @13, command is +
INFO (2021-04-09 21:57:12) - Incrementing bf byte
INFO (2021-04-09 21:57:12) - Getting current bf byte
INFO (2021-04-09 21:57:12) - @14, command is ]
INFO (2021-04-09 21:57:12) - Conditional backward jump
INFO (2021-04-09 21:57:12) - Getting current bf byte
INFO (2021-04-09 21:57:12) - Byte was zero, jumping
INFO (2021-04-09 21:57:12) - Jumped to 3
INFO (2021-04-09 21:57:12) - @4, command is <
INFO (2021-04-09 21:57:12) - Decrementing bf data pointer
INFO (2021-04-09 21:57:12) - @5, command is +
INFO (2021-04-09 21:57:12) - Incrementing bf byte
INFO (2021-04-09 21:57:12) - Getting current bf byte
INFO (2021-04-09 21:57:12) - @6, command is >
INFO (2021-04-09 21:57:12) - Incrementing bf data pointer
INFO (2021-04-09 21:57:12) - @7, command is >
INFO (2021-04-09 21:57:12) - Incrementing bf data pointer
INFO (2021-04-09 21:57:12) - @8, command is >
INFO (2021-04-09 21:57:12) - Incrementing bf data pointer
INFO (2021-04-09 21:57:12) - @9, command is -
INFO (2021-04-09 21:57:12) - Decrementing bf byte
INFO (2021-04-09 21:57:12) - Getting current bf byte
INFO (2021-04-09 21:57:12) - @10, command is <
INFO (2021-04-09 21:57:12) - Decrementing bf data pointer
INFO (2021-04-09 21:57:12) - @11, command is -
INFO (2021-04-09 21:57:12) - Decrementing bf byte
INFO (2021-04-09 21:57:12) - Getting current bf byte
INFO (2021-04-09 21:57:12) - @12, command is <
INFO (2021-04-09 21:57:12) - Decrementing bf data pointer
INFO (2021-04-09 21:57:12) - @13, command is +
INFO (2021-04-09 21:57:12) - Incrementing bf byte
INFO (2021-04-09 21:57:12) - Getting current bf byte
INFO (2021-04-09 21:57:12) - @14, command is ]
INFO (2021-04-09 21:57:12) - Conditional backward jump
INFO (2021-04-09 21:57:12) - Getting current bf byte
INFO (2021-04-09 21:57:12) - Byte was zero, jumping
INFO (2021-04-09 21:57:12) - Jumped to 3
INFO (2021-04-09 21:57:12) - @4, command is <
INFO (2021-04-09 21:57:12) - Decrementing bf data pointer
INFO (2021-04-09 21:57:12) - @5, command is +
INFO (2021-04-09 21:57:12) - Incrementing bf byte
INFO (2021-04-09 21:57:12) - Getting current bf byte
INFO (2021-04-09 21:57:12) - @6, command is >
INFO (2021-04-09 21:57:12) - Incrementing bf data pointer
INFO (2021-04-09 21:57:12) - @7, command is >
INFO (2021-04-09 21:57:12) - Incrementing bf data pointer
INFO (2021-04-09 21:57:12) - @8, command is >
INFO (2021-04-09 21:57:12) - Incrementing bf data pointer
INFO (2021-04-09 21:57:12) - @9, command is -
INFO (2021-04-09 21:57:12) - Decrementing bf byte
INFO (2021-04-09 21:57:12) - Getting current bf byte
INFO (2021-04-09 21:57:12) - @10, command is <
INFO (2021-04-09 21:57:12) - Decrementing bf data pointer
INFO (2021-04-09 21:57:12) - @11, command is -
INFO (2021-04-09 21:57:12) - Decrementing bf byte
INFO (2021-04-09 21:57:12) - Getting current bf byte
INFO (2021-04-09 21:57:12) - @12, command is <
INFO (2021-04-09 21:57:12) - Decrementing bf data pointer
INFO (2021-04-09 21:57:12) - @13, command is +
INFO (2021-04-09 21:57:12) - Incrementing bf byte
INFO (2021-04-09 21:57:12) - Getting current bf byte
INFO (2021-04-09 21:57:12) - @14, command is ]
INFO (2021-04-09 21:57:12) - Conditional backward jump
INFO (2021-04-09 21:57:12) - Getting current bf byte
INFO (2021-04-09 21:57:12) - Byte was zero, jumping
INFO (2021-04-09 21:57:12) - Jumped to 3
INFO (2021-04-09 21:57:12) - @4, command is <
INFO (2021-04-09 21:57:12) - Decrementing bf data pointer
INFO (2021-04-09 21:57:12) - @5, command is +
INFO (2021-04-09 21:57:12) - Incrementing bf byte
INFO (2021-04-09 21:57:12) - Getting current bf byte
INFO (2021-04-09 21:57:12) - @6, command is >
INFO (2021-04-09 21:57:12) - Incrementing bf data pointer
INFO (2021-04-09 21:57:12) - @7, command is >
INFO (2021-04-09 21:57:12) - Incrementing bf data pointer
INFO (2021-04-09 21:57:12) - @8, command is >
INFO (2021-04-09 21:57:12) - Incrementing bf data pointer
INFO (2021-04-09 21:57:12) - @9, command is -
INFO (2021-04-09 21:57:12) - Decrementing bf byte
INFO (2021-04-09 21:57:12) - Getting current bf byte
INFO (2021-04-09 21:57:12) - @10, command is <
INFO (2021-04-09 21:57:12) - Decrementing bf data pointer
INFO (2021-04-09 21:57:12) - @11, command is -
INFO (2021-04-09 21:57:12) - Decrementing bf byte
INFO (2021-04-09 21:57:12) - Getting current bf byte
INFO (2021-04-09 21:57:12) - @12, command is <
INFO (2021-04-09 21:57:12) - Decrementing bf data pointer
INFO (2021-04-09 21:57:12) - @13, command is +
INFO (2021-04-09 21:57:12) - Incrementing bf byte
INFO (2021-04-09 21:57:12) - Getting current bf byte
INFO (2021-04-09 21:57:12) - @14, command is ]
INFO (2021-04-09 21:57:12) - Conditional backward jump
INFO (2021-04-09 21:57:12) - Getting current bf byte
INFO (2021-04-09 21:57:12) - Byte was zero, jumping
INFO (2021-04-09 21:57:12) - Jumped to 3
INFO (2021-04-09 21:57:12) - @4, command is <
INFO (2021-04-09 21:57:12) - Decrementing bf data pointer
INFO (2021-04-09 21:57:12) - @5, command is +
INFO (2021-04-09 21:57:12) - Incrementing bf byte
INFO (2021-04-09 21:57:12) - Getting current bf byte
INFO (2021-04-09 21:57:12) - @6, command is >
INFO (2021-04-09 21:57:12) - Incrementing bf data pointer
INFO (2021-04-09 21:57:12) - @7, command is >
INFO (2021-04-09 21:57:12) - Incrementing bf data pointer
INFO (2021-04-09 21:57:12) - @8, command is >
INFO (2021-04-09 21:57:12) - Incrementing bf data pointer
INFO (2021-04-09 21:57:12) - @9, command is -
INFO (2021-04-09 21:57:12) - Decrementing bf byte
INFO (2021-04-09 21:57:12) - Getting current bf byte
INFO (2021-04-09 21:57:12) - @10, command is <
INFO (2021-04-09 21:57:12) - Decrementing bf data pointer
INFO (2021-04-09 21:57:12) - @11, command is -
INFO (2021-04-09 21:57:12) - Decrementing bf byte
INFO (2021-04-09 21:57:12) - Getting current bf byte
INFO (2021-04-09 21:57:12) - @12, command is <
INFO (2021-04-09 21:57:12) - Decrementing bf data pointer
INFO (2021-04-09 21:57:12) - @13, command is +
INFO (2021-04-09 21:57:12) - Incrementing bf byte
INFO (2021-04-09 21:57:12) - Getting current bf byte
INFO (2021-04-09 21:57:12) - @14, command is ]
INFO (2021-04-09 21:57:12) - Conditional backward jump
INFO (2021-04-09 21:57:12) - Getting current bf byte
INFO (2021-04-09 21:57:12) - Byte was zero, jumping
INFO (2021-04-09 21:57:12) - Jumped to 3
INFO (2021-04-09 21:57:12) - @4, command is <
INFO (2021-04-09 21:57:12) - Decrementing bf data pointer
INFO (2021-04-09 21:57:12) - @5, command is +
INFO (2021-04-09 21:57:12) - Incrementing bf byte
INFO (2021-04-09 21:57:12) - Getting current bf byte
INFO (2021-04-09 21:57:12) - @6, command is >
INFO (2021-04-09 21:57:12) - Incrementing bf data pointer
INFO (2021-04-09 21:57:12) - @7, command is >
INFO (2021-04-09 21:57:12) - Incrementing bf data pointer
INFO (2021-04-09 21:57:12) - @8, command is >
INFO (2021-04-09 21:57:12) - Incrementing bf data pointer
INFO (2021-04-09 21:57:12) - @9, command is -
INFO (2021-04-09 21:57:12) - Decrementing bf byte
INFO (2021-04-09 21:57:12) - Getting current bf byte
INFO (2021-04-09 21:57:12) - @10, command is <
INFO (2021-04-09 21:57:12) - Decrementing bf data pointer
INFO (2021-04-09 21:57:12) - @11, command is -
INFO (2021-04-09 21:57:12) - Decrementing bf byte
INFO (2021-04-09 21:57:12) - Getting current bf byte
INFO (2021-04-09 21:57:12) - @12, command is <
INFO (2021-04-09 21:57:12) - Decrementing bf data pointer
INFO (2021-04-09 21:57:12) - @13, command is +
INFO (2021-04-09 21:57:12) - Incrementing bf byte
INFO (2021-04-09 21:57:12) - Getting current bf byte
INFO (2021-04-09 21:57:12) - @14, command is ]
INFO (2021-04-09 21:57:12) - Conditional backward jump
INFO (2021-04-09 21:57:12) - Getting current bf byte
INFO (2021-04-09 21:57:12) - Byte was zero, jumping
INFO (2021-04-09 21:57:12) - Jumped to 3
INFO (2021-04-09 21:57:12) - @4, command is <
INFO (2021-04-09 21:57:12) - Decrementing bf data pointer
INFO (2021-04-09 21:57:12) - @5, command is +
INFO (2021-04-09 21:57:12) - Incrementing bf byte
INFO (2021-04-09 21:57:12) - Getting current bf byte
INFO (2021-04-09 21:57:12) - @6, command is >
INFO (2021-04-09 21:57:12) - Incrementing bf data pointer
INFO (2021-04-09 21:57:12) - @7, command is >
INFO (2021-04-09 21:57:12) - Incrementing bf data pointer
INFO (2021-04-09 21:57:12) - @8, command is >
INFO (2021-04-09 21:57:12) - Incrementing bf data pointer
INFO (2021-04-09 21:57:12) - @9, command is -
INFO (2021-04-09 21:57:12) - Decrementing bf byte
INFO (2021-04-09 21:57:12) - Getting current bf byte
INFO (2021-04-09 21:57:12) - @10, command is <
INFO (2021-04-09 21:57:12) - Decrementing bf data pointer
INFO (2021-04-09 21:57:12) - @11, command is -
INFO (2021-04-09 21:57:12) - Decrementing bf byte
INFO (2021-04-09 21:57:12) - Getting current bf byte
INFO (2021-04-09 21:57:12) - @12, command is <
INFO (2021-04-09 21:57:12) - Decrementing bf data pointer
INFO (2021-04-09 21:57:12) - @13, command is +
INFO (2021-04-09 21:57:12) - Incrementing bf byte
INFO (2021-04-09 21:57:12) - Getting current bf byte
INFO (2021-04-09 21:57:12) - @14, command is ]
INFO (2021-04-09 21:57:12) - Conditional backward jump
INFO (2021-04-09 21:57:12) - Getting current bf byte
INFO (2021-04-09 21:57:12) - Byte was zero, jumping
INFO (2021-04-09 21:57:12) - Jumped to 3
INFO (2021-04-09 21:57:12) - @4, command is <
INFO (2021-04-09 21:57:12) - Decrementing bf data pointer
INFO (2021-04-09 21:57:12) - @5, command is +
INFO (2021-04-09 21:57:12) - Incrementing bf byte
INFO (2021-04-09 21:57:12) - Getting current bf byte
INFO (2021-04-09 21:57:12) - @6, command is >
INFO (2021-04-09 21:57:12) - Incrementing bf data pointer
INFO (2021-04-09 21:57:12) - @7, command is >
INFO (2021-04-09 21:57:12) - Incrementing bf data pointer
INFO (2021-04-09 21:57:12) - @8, command is >
INFO (2021-04-09 21:57:12) - Incrementing bf data pointer
INFO (2021-04-09 21:57:12) - @9, command is -
INFO (2021-04-09 21:57:12) - Decrementing bf byte
INFO (2021-04-09 21:57:12) - Getting current bf byte
INFO (2021-04-09 21:57:12) - @10, command is <
INFO (2021-04-09 21:57:12) - Decrementing bf data pointer
INFO (2021-04-09 21:57:12) - @11, command is -
INFO (2021-04-09 21:57:12) - Decrementing bf byte
INFO (2021-04-09 21:57:12) - Getting current bf byte
INFO (2021-04-09 21:57:12) - @12, command is <
INFO (2021-04-09 21:57:12) - Decrementing bf data pointer
INFO (2021-04-09 21:57:12) - @13, command is +
INFO (2021-04-09 21:57:12) - Incrementing bf byte
INFO (2021-04-09 21:57:12) - Getting current bf byte
INFO (2021-04-09 21:57:12) - @14, command is ]
INFO (2021-04-09 21:57:12) - Conditional backward jump
INFO (2021-04-09 21:57:12) - Getting current bf byte
INFO (2021-04-09 21:57:12) - Byte was zero, jumping
INFO (2021-04-09 21:57:12) - Jumped to 3
INFO (2021-04-09 21:57:12) - @4, command is <
INFO (2021-04-09 21:57:12) - Decrementing bf data pointer
INFO (2021-04-09 21:57:12) - @5, command is +
INFO (2021-04-09 21:57:12) - Incrementing bf byte
INFO (2021-04-09 21:57:12) - Getting current bf byte
INFO (2021-04-09 21:57:12) - @6, command is >
INFO (2021-04-09 21:57:12) - Incrementing bf data pointer
INFO (2021-04-09 21:57:12) - @7, command is >
INFO (2021-04-09 21:57:12) - Incrementing bf data pointer
INFO (2021-04-09 21:57:12) - @8, command is >
INFO (2021-04-09 21:57:12) - Incrementing bf data pointer
INFO (2021-04-09 21:57:12) - @9, command is -
INFO (2021-04-09 21:57:12) - Decrementing bf byte
INFO (2021-04-09 21:57:12) - Getting current bf byte
INFO (2021-04-09 21:57:12) - @10, command is <
INFO (2021-04-09 21:57:12) - Decrementing bf data pointer
INFO (2021-04-09 21:57:12) - @11, command is -
INFO (2021-04-09 21:57:12) - Decrementing bf byte
INFO (2021-04-09 21:57:12) - Getting current bf byte
INFO (2021-04-09 21:57:12) - @12, command is <
INFO (2021-04-09 21:57:12) - Decrementing bf data pointer
INFO (2021-04-09 21:57:12) - @13, command is +
INFO (2021-04-09 21:57:12) - Incrementing bf byte
INFO (2021-04-09 21:57:12) - Getting current bf byte
INFO (2021-04-09 21:57:12) - Wrapped bf byte upwards from 255->0
INFO (2021-04-09 21:57:12) - @14, command is ]
INFO (2021-04-09 21:57:12) - Conditional backward jump
INFO (2021-04-09 21:57:12) - Getting current bf byte
INFO (2021-04-09 21:57:12) - Byte wasn't zero, popping jump stack & continuing
INFO (2021-04-09 21:57:12) - @15, command is >
INFO (2021-04-09 21:57:12) - Incrementing bf data pointer
INFO (2021-04-09 21:57:12) - @16, command is ]
INFO (2021-04-09 21:57:12) - Conditional backward jump
INFO (2021-04-09 21:57:12) - Getting current bf byte
INFO (2021-04-09 21:57:12) - Byte was zero, jumping
INFO (2021-04-09 21:57:12) - Jumped to 2
INFO (2021-04-09 21:57:12) - @3, command is [
INFO (2021-04-09 21:57:12) - Conditional forward jump
INFO (2021-04-09 21:57:12) - Getting current bf byte
INFO (2021-04-09 21:57:12) - Byte wasn't 0, adding current addr (3) to jump stack
INFO (2021-04-09 21:57:12) - @4, command is <
INFO (2021-04-09 21:57:12) - Decrementing bf data pointer
INFO (2021-04-09 21:57:12) - @5, command is +
INFO (2021-04-09 21:57:12) - Incrementing bf byte
INFO (2021-04-09 21:57:12) - Getting current bf byte
INFO (2021-04-09 21:57:12) - @6, command is >
INFO (2021-04-09 21:57:12) - Incrementing bf data pointer
INFO (2021-04-09 21:57:12) - @7, command is >
INFO (2021-04-09 21:57:12) - Incrementing bf data pointer
INFO (2021-04-09 21:57:12) - @8, command is >
INFO (2021-04-09 21:57:12) - Incrementing bf data pointer
INFO (2021-04-09 21:57:12) - @9, command is -
INFO (2021-04-09 21:57:12) - Decrementing bf byte
INFO (2021-04-09 21:57:12) - Getting current bf byte
INFO (2021-04-09 21:57:12) - Wrapped bf byte downwards from 0->255
INFO (2021-04-09 21:57:12) - @10, command is <
INFO (2021-04-09 21:57:12) - Decrementing bf data pointer
INFO (2021-04-09 21:57:12) - @11, command is -
INFO (2021-04-09 21:57:12) - Decrementing bf byte
INFO (2021-04-09 21:57:12) - Getting current bf byte
INFO (2021-04-09 21:57:12) - @12, command is <
INFO (2021-04-09 21:57:12) - Decrementing bf data pointer
INFO (2021-04-09 21:57:12) - @13, command is +
INFO (2021-04-09 21:57:12) - Incrementing bf byte
INFO (2021-04-09 21:57:12) - Getting current bf byte
INFO (2021-04-09 21:57:12) - @14, command is ]
INFO (2021-04-09 21:57:12) - Conditional backward jump
INFO (2021-04-09 21:57:12) - Getting current bf byte
INFO (2021-04-09 21:57:12) - Byte was zero, jumping
INFO (2021-04-09 21:57:12) - Jumped to 3
INFO (2021-04-09 21:57:12) - @4, command is <
INFO (2021-04-09 21:57:12) - Decrementing bf data pointer
INFO (2021-04-09 21:57:12) - @5, command is +
INFO (2021-04-09 21:57:12) - Incrementing bf byte
INFO (2021-04-09 21:57:12) - Getting current bf byte
INFO (2021-04-09 21:57:12) - @6, command is >
INFO (2021-04-09 21:57:12) - Incrementing bf data pointer
INFO (2021-04-09 21:57:12) - @7, command is >
INFO (2021-04-09 21:57:12) - Incrementing bf data pointer
INFO (2021-04-09 21:57:12) - @8, command is >
INFO (2021-04-09 21:57:12) - Incrementing bf data pointer
INFO (2021-04-09 21:57:12) - @9, command is -
INFO (2021-04-09 21:57:12) - Decrementing bf byte
INFO (2021-04-09 21:57:12) - Getting current bf byte
INFO (2021-04-09 21:57:12) - @10, command is <
INFO (2021-04-09 21:57:12) - Decrementing bf data pointer
INFO (2021-04-09 21:57:12) - @11, command is -
INFO (2021-04-09 21:57:12) - Decrementing bf byte
INFO (2021-04-09 21:57:12) - Getting current bf byte
INFO (2021-04-09 21:57:12) - @12, command is <
INFO (2021-04-09 21:57:12) - Decrementing bf data pointer
INFO (2021-04-09 21:57:12) - @13, command is +
INFO (2021-04-09 21:57:12) - Incrementing bf byte
INFO (2021-04-09 21:57:12) - Getting current bf byte
INFO (2021-04-09 21:57:12) - @14, command is ]
INFO (2021-04-09 21:57:12) - Conditional backward jump
INFO (2021-04-09 21:57:12) - Getting current bf byte
INFO (2021-04-09 21:57:12) - Byte was zero, jumping
INFO (2021-04-09 21:57:12) - Jumped to 3
INFO (2021-04-09 21:57:12) - @4, command is <
INFO (2021-04-09 21:57:12) - Decrementing bf data pointer
INFO (2021-04-09 21:57:12) - @5, command is +
INFO (2021-04-09 21:57:12) - Incrementing bf byte
INFO (2021-04-09 21:57:12) - Getting current bf byte
INFO (2021-04-09 21:57:12) - @6, command is >
INFO (2021-04-09 21:57:12) - Incrementing bf data pointer
INFO (2021-04-09 21:57:12) - @7, command is >
INFO (2021-04-09 21:57:12) - Incrementing bf data pointer
INFO (2021-04-09 21:57:12) - @8, command is >
INFO (2021-04-09 21:57:12) - Incrementing bf data pointer
INFO (2021-04-09 21:57:12) - @9, command is -
INFO (2021-04-09 21:57:12) - Decrementing bf byte
INFO (2021-04-09 21:57:12) - Getting current bf byte
INFO (2021-04-09 21:57:12) - @10, command is <
INFO (2021-04-09 21:57:12) - Decrementing bf data pointer
INFO (2021-04-09 21:57:12) - @11, command is -
INFO (2021-04-09 21:57:12) - Decrementing bf byte
INFO (2021-04-09 21:57:12) - Getting current bf byte
INFO (2021-04-09 21:57:12) - @12, command is <
INFO (2021-04-09 21:57:12) - Decrementing bf data pointer
INFO (2021-04-09 21:57:12) - @13, command is +
INFO (2021-04-09 21:57:12) - Incrementing bf byte
INFO (2021-04-09 21:57:12) - Getting current bf byte
INFO (2021-04-09 21:57:12) - @14, command is ]
INFO (2021-04-09 21:57:12) - Conditional backward jump
INFO (2021-04-09 21:57:12) - Getting current bf byte
INFO (2021-04-09 21:57:12) - Byte was zero, jumping
INFO (2021-04-09 21:57:12) - Jumped to 3
INFO (2021-04-09 21:57:12) - @4, command is <
INFO (2021-04-09 21:57:12) - Decrementing bf data pointer
INFO (2021-04-09 21:57:13) - @5, command is +
INFO (2021-04-09 21:57:13) - Incrementing bf byte
INFO (2021-04-09 21:57:13) - Getting current bf byte
INFO (2021-04-09 21:57:13) - @6, command is >
INFO (2021-04-09 21:57:13) - Incrementing bf data pointer
INFO (2021-04-09 21:57:13) - @7, command is >
INFO (2021-04-09 21:57:13) - Incrementing bf data pointer
INFO (2021-04-09 21:57:13) - @8, command is >
INFO (2021-04-09 21:57:13) - Incrementing bf data pointer
INFO (2021-04-09 21:57:13) - @9, command is -
INFO (2021-04-09 21:57:13) - Decrementing bf byte
INFO (2021-04-09 21:57:13) - Getting current bf byte
INFO (2021-04-09 21:57:13) - @10, command is <
INFO (2021-04-09 21:57:13) - Decrementing bf data pointer
INFO (2021-04-09 21:57:13) - @11, command is -
INFO (2021-04-09 21:57:13) - Decrementing bf byte
INFO (2021-04-09 21:57:13) - Getting current bf byte
INFO (2021-04-09 21:57:13) - @12, command is <
INFO (2021-04-09 21:57:13) - Decrementing bf data pointer
INFO (2021-04-09 21:57:13) - @13, command is +
INFO (2021-04-09 21:57:13) - Incrementing bf byte
INFO (2021-04-09 21:57:13) - Getting current bf byte
INFO (2021-04-09 21:57:13) - @14, command is ]
INFO (2021-04-09 21:57:13) - Conditional backward jump
INFO (2021-04-09 21:57:13) - Getting current bf byte
INFO (2021-04-09 21:57:13) - Byte was zero, jumping
INFO (2021-04-09 21:57:13) - Jumped to 3
INFO (2021-04-09 21:57:13) - @4, command is <
INFO (2021-04-09 21:57:13) - Decrementing bf data pointer
INFO (2021-04-09 21:57:13) - @5, command is +
INFO (2021-04-09 21:57:13) - Incrementing bf byte
INFO (2021-04-09 21:57:13) - Getting current bf byte
INFO (2021-04-09 21:57:13) - @6, command is >
INFO (2021-04-09 21:57:13) - Incrementing bf data pointer
INFO (2021-04-09 21:57:13) - @7, command is >
INFO (2021-04-09 21:57:13) - Incrementing bf data pointer
INFO (2021-04-09 21:57:13) - @8, command is >
INFO (2021-04-09 21:57:13) - Incrementing bf data pointer
INFO (2021-04-09 21:57:13) - @9, command is -
INFO (2021-04-09 21:57:13) - Decrementing bf byte
INFO (2021-04-09 21:57:13) - Getting current bf byte
INFO (2021-04-09 21:57:13) - @10, command is <
INFO (2021-04-09 21:57:13) - Decrementing bf data pointer
INFO (2021-04-09 21:57:13) - @11, command is -
INFO (2021-04-09 21:57:13) - Decrementing bf byte
INFO (2021-04-09 21:57:13) - Getting current bf byte
INFO (2021-04-09 21:57:13) - @12, command is <
INFO (2021-04-09 21:57:13) - Decrementing bf data pointer
INFO (2021-04-09 21:57:13) - @13, command is +
INFO (2021-04-09 21:57:13) - Incrementing bf byte
INFO (2021-04-09 21:57:13) - Getting current bf byte
INFO (2021-04-09 21:57:13) - @14, command is ]
INFO (2021-04-09 21:57:13) - Conditional backward jump
INFO (2021-04-09 21:57:13) - Getting current bf byte
INFO (2021-04-09 21:57:13) - Byte was zero, jumping
INFO (2021-04-09 21:57:13) - Jumped to 3
INFO (2021-04-09 21:57:13) - @4, command is <
INFO (2021-04-09 21:57:13) - Decrementing bf data pointer
INFO (2021-04-09 21:57:13) - @5, command is +
INFO (2021-04-09 21:57:13) - Incrementing bf byte
INFO (2021-04-09 21:57:13) - Getting current bf byte
INFO (2021-04-09 21:57:13) - @6, command is >
INFO (2021-04-09 21:57:13) - Incrementing bf data pointer
INFO (2021-04-09 21:57:13) - @7, command is >
INFO (2021-04-09 21:57:13) - Incrementing bf data pointer
INFO (2021-04-09 21:57:13) - @8, command is >
INFO (2021-04-09 21:57:13) - Incrementing bf data pointer
INFO (2021-04-09 21:57:13) - @9, command is -
INFO (2021-04-09 21:57:13) - Decrementing bf byte
INFO (2021-04-09 21:57:13) - Getting current bf byte
INFO (2021-04-09 21:57:13) - @10, command is <
INFO (2021-04-09 21:57:13) - Decrementing bf data pointer
INFO (2021-04-09 21:57:13) - @11, command is -
INFO (2021-04-09 21:57:13) - Decrementing bf byte
INFO (2021-04-09 21:57:13) - Getting current bf byte
INFO (2021-04-09 21:57:13) - @12, command is <
INFO (2021-04-09 21:57:13) - Decrementing bf data pointer
INFO (2021-04-09 21:57:13) - @13, command is +
INFO (2021-04-09 21:57:13) - Incrementing bf byte
INFO (2021-04-09 21:57:13) - Getting current bf byte
INFO (2021-04-09 21:57:13) - @14, command is ]
INFO (2021-04-09 21:57:13) - Conditional backward jump
INFO (2021-04-09 21:57:13) - Getting current bf byte
INFO (2021-04-09 21:57:13) - Byte was zero, jumping
INFO (2021-04-09 21:57:13) - Jumped to 3
INFO (2021-04-09 21:57:13) - @4, command is <
INFO (2021-04-09 21:57:13) - Decrementing bf data pointer
INFO (2021-04-09 21:57:13) - @5, command is +
INFO (2021-04-09 21:57:13) - Incrementing bf byte
INFO (2021-04-09 21:57:13) - Getting current bf byte
INFO (2021-04-09 21:57:13) - @6, command is >
INFO (2021-04-09 21:57:13) - Incrementing bf data pointer
INFO (2021-04-09 21:57:13) - @7, command is >
INFO (2021-04-09 21:57:13) - Incrementing bf data pointer
INFO (2021-04-09 21:57:13) - @8, command is >
INFO (2021-04-09 21:57:13) - Incrementing bf data pointer
INFO (2021-04-09 21:57:13) - @9, command is -
INFO (2021-04-09 21:57:13) - Decrementing bf byte
INFO (2021-04-09 21:57:13) - Getting current bf byte
INFO (2021-04-09 21:57:13) - @10, command is <
INFO (2021-04-09 21:57:13) - Decrementing bf data pointer
INFO (2021-04-09 21:57:13) - @11, command is -
INFO (2021-04-09 21:57:13) - Decrementing bf byte
INFO (2021-04-09 21:57:13) - Getting current bf byte
INFO (2021-04-09 21:57:13) - @12, command is <
INFO (2021-04-09 21:57:13) - Decrementing bf data pointer
INFO (2021-04-09 21:57:13) - @13, command is +
INFO (2021-04-09 21:57:13) - Incrementing bf byte
INFO (2021-04-09 21:57:13) - Getting current bf byte
INFO (2021-04-09 21:57:13) - @14, command is ]
INFO (2021-04-09 21:57:13) - Conditional backward jump
INFO (2021-04-09 21:57:13) - Getting current bf byte
INFO (2021-04-09 21:57:13) - Byte was zero, jumping
INFO (2021-04-09 21:57:13) - Jumped to 3
INFO (2021-04-09 21:57:13) - @4, command is <
INFO (2021-04-09 21:57:13) - Decrementing bf data pointer
INFO (2021-04-09 21:57:13) - @5, command is +
INFO (2021-04-09 21:57:13) - Incrementing bf byte
INFO (2021-04-09 21:57:13) - Getting current bf byte
INFO (2021-04-09 21:57:13) - @6, command is >
INFO (2021-04-09 21:57:13) - Incrementing bf data pointer
INFO (2021-04-09 21:57:13) - @7, command is >
INFO (2021-04-09 21:57:13) - Incrementing bf data pointer
INFO (2021-04-09 21:57:13) - @8, command is >
INFO (2021-04-09 21:57:13) - Incrementing bf data pointer
INFO (2021-04-09 21:57:13) - @9, command is -
INFO (2021-04-09 21:57:13) - Decrementing bf byte
INFO (2021-04-09 21:57:13) - Getting current bf byte
INFO (2021-04-09 21:57:13) - @10, command is <
INFO (2021-04-09 21:57:13) - Decrementing bf data pointer
INFO (2021-04-09 21:57:13) - @11, command is -
INFO (2021-04-09 21:57:13) - Decrementing bf byte
INFO (2021-04-09 21:57:13) - Getting current bf byte
INFO (2021-04-09 21:57:13) - @12, command is <
INFO (2021-04-09 21:57:13) - Decrementing bf data pointer
INFO (2021-04-09 21:57:13) - @13, command is +
INFO (2021-04-09 21:57:13) - Incrementing bf byte
INFO (2021-04-09 21:57:13) - Getting current bf byte
INFO (2021-04-09 21:57:13) - @14, command is ]
INFO (2021-04-09 21:57:13) - Conditional backward jump
INFO (2021-04-09 21:57:13) - Getting current bf byte
INFO (2021-04-09 21:57:13) - Byte was zero, jumping
INFO (2021-04-09 21:57:13) - Jumped to 3
INFO (2021-04-09 21:57:13) - @4, command is <
INFO (2021-04-09 21:57:13) - Decrementing bf data pointer
INFO (2021-04-09 21:57:13) - @5, command is +
INFO (2021-04-09 21:57:13) - Incrementing bf byte
INFO (2021-04-09 21:57:13) - Getting current bf byte
INFO (2021-04-09 21:57:13) - @6, command is >
INFO (2021-04-09 21:57:13) - Incrementing bf data pointer
INFO (2021-04-09 21:57:13) - @7, command is >
INFO (2021-04-09 21:57:13) - Incrementing bf data pointer
INFO (2021-04-09 21:57:13) - @8, command is >
INFO (2021-04-09 21:57:13) - Incrementing bf data pointer
INFO (2021-04-09 21:57:13) - @9, command is -
INFO (2021-04-09 21:57:13) - Decrementing bf byte
INFO (2021-04-09 21:57:13) - Getting current bf byte
INFO (2021-04-09 21:57:13) - @10, command is <
INFO (2021-04-09 21:57:13) - Decrementing bf data pointer
INFO (2021-04-09 21:57:13) - @11, command is -
INFO (2021-04-09 21:57:13) - Decrementing bf byte
INFO (2021-04-09 21:57:13) - Getting current bf byte
INFO (2021-04-09 21:57:13) - @12, command is <
INFO (2021-04-09 21:57:13) - Decrementing bf data pointer
INFO (2021-04-09 21:57:13) - @13, command is +
INFO (2021-04-09 21:57:13) - Incrementing bf byte
INFO (2021-04-09 21:57:13) - Getting current bf byte
INFO (2021-04-09 21:57:13) - @14, command is ]
INFO (2021-04-09 21:57:13) - Conditional backward jump
INFO (2021-04-09 21:57:13) - Getting current bf byte
INFO (2021-04-09 21:57:13) - Byte was zero, jumping
INFO (2021-04-09 21:57:13) - Jumped to 3
INFO (2021-04-09 21:57:13) - @4, command is <
INFO (2021-04-09 21:57:13) - Decrementing bf data pointer
INFO (2021-04-09 21:57:13) - @5, command is +
INFO (2021-04-09 21:57:13) - Incrementing bf byte
INFO (2021-04-09 21:57:13) - Getting current bf byte
INFO (2021-04-09 21:57:13) - @6, command is >
INFO (2021-04-09 21:57:13) - Incrementing bf data pointer
INFO (2021-04-09 21:57:13) - @7, command is >
INFO (2021-04-09 21:57:13) - Incrementing bf data pointer
INFO (2021-04-09 21:57:13) - @8, command is >
INFO (2021-04-09 21:57:13) - Incrementing bf data pointer
INFO (2021-04-09 21:57:13) - @9, command is -
INFO (2021-04-09 21:57:13) - Decrementing bf byte
INFO (2021-04-09 21:57:13) - Getting current bf byte
INFO (2021-04-09 21:57:13) - @10, command is <
INFO (2021-04-09 21:57:13) - Decrementing bf data pointer
INFO (2021-04-09 21:57:13) - @11, command is -
INFO (2021-04-09 21:57:13) - Decrementing bf byte
INFO (2021-04-09 21:57:13) - Getting current bf byte
INFO (2021-04-09 21:57:13) - @12, command is <
INFO (2021-04-09 21:57:13) - Decrementing bf data pointer
INFO (2021-04-09 21:57:13) - @13, command is +
INFO (2021-04-09 21:57:13) - Incrementing bf byte
INFO (2021-04-09 21:57:13) - Getting current bf byte
INFO (2021-04-09 21:57:13) - @14, command is ]
INFO (2021-04-09 21:57:13) - Conditional backward jump
INFO (2021-04-09 21:57:13) - Getting current bf byte
INFO (2021-04-09 21:57:13) - Byte was zero, jumping
INFO (2021-04-09 21:57:13) - Jumped to 3
INFO (2021-04-09 21:57:13) - @4, command is <
INFO (2021-04-09 21:57:13) - Decrementing bf data pointer
INFO (2021-04-09 21:57:13) - @5, command is +
INFO (2021-04-09 21:57:13) - Incrementing bf byte
INFO (2021-04-09 21:57:13) - Getting current bf byte
INFO (2021-04-09 21:57:13) - @6, command is >
INFO (2021-04-09 21:57:13) - Incrementing bf data pointer
INFO (2021-04-09 21:57:13) - @7, command is >
INFO (2021-04-09 21:57:13) - Incrementing bf data pointer
INFO (2021-04-09 21:57:13) - @8, command is >
INFO (2021-04-09 21:57:13) - Incrementing bf data pointer
INFO (2021-04-09 21:57:13) - @9, command is -
INFO (2021-04-09 21:57:13) - Decrementing bf byte
INFO (2021-04-09 21:57:13) - Getting current bf byte
INFO (2021-04-09 21:57:13) - @10, command is <
INFO (2021-04-09 21:57:13) - Decrementing bf data pointer
INFO (2021-04-09 21:57:13) - @11, command is -
INFO (2021-04-09 21:57:13) - Decrementing bf byte
INFO (2021-04-09 21:57:13) - Getting current bf byte
INFO (2021-04-09 21:57:13) - @12, command is <
INFO (2021-04-09 21:57:13) - Decrementing bf data pointer
INFO (2021-04-09 21:57:13) - @13, command is +
INFO (2021-04-09 21:57:13) - Incrementing bf byte
INFO (2021-04-09 21:57:13) - Getting current bf byte
INFO (2021-04-09 21:57:13) - @14, command is ]
INFO (2021-04-09 21:57:13) - Conditional backward jump
INFO (2021-04-09 21:57:13) - Getting current bf byte
INFO (2021-04-09 21:57:13) - Byte was zero, jumping
INFO (2021-04-09 21:57:13) - Jumped to 3
INFO (2021-04-09 21:57:13) - @4, command is <
INFO (2021-04-09 21:57:13) - Decrementing bf data pointer
INFO (2021-04-09 21:57:13) - @5, command is +
INFO (2021-04-09 21:57:13) - Incrementing bf byte
INFO (2021-04-09 21:57:13) - Getting current bf byte
INFO (2021-04-09 21:57:13) - @6, command is >
INFO (2021-04-09 21:57:13) - Incrementing bf data pointer
INFO (2021-04-09 21:57:13) - @7, command is >
INFO (2021-04-09 21:57:13) - Incrementing bf data pointer
INFO (2021-04-09 21:57:13) - @8, command is >
INFO (2021-04-09 21:57:13) - Incrementing bf data pointer
INFO (2021-04-09 21:57:13) - @9, command is -
INFO (2021-04-09 21:57:13) - Decrementing bf byte
INFO (2021-04-09 21:57:13) - Getting current bf byte
INFO (2021-04-09 21:57:13) - @10, command is <
INFO (2021-04-09 21:57:13) - Decrementing bf data pointer
INFO (2021-04-09 21:57:13) - @11, command is -
INFO (2021-04-09 21:57:13) - Decrementing bf byte
INFO (2021-04-09 21:57:13) - Getting current bf byte
INFO (2021-04-09 21:57:13) - @12, command is <
INFO (2021-04-09 21:57:13) - Decrementing bf data pointer
INFO (2021-04-09 21:57:13) - @13, command is +
INFO (2021-04-09 21:57:13) - Incrementing bf byte
INFO (2021-04-09 21:57:13) - Getting current bf byte
INFO (2021-04-09 21:57:13) - @14, command is ]
INFO (2021-04-09 21:57:13) - Conditional backward jump
INFO (2021-04-09 21:57:13) - Getting current bf byte
INFO (2021-04-09 21:57:13) - Byte was zero, jumping
INFO (2021-04-09 21:57:13) - Jumped to 3
INFO (2021-04-09 21:57:13) - @4, command is <
INFO (2021-04-09 21:57:13) - Decrementing bf data pointer
INFO (2021-04-09 21:57:13) - @5, command is +
INFO (2021-04-09 21:57:13) - Incrementing bf byte
INFO (2021-04-09 21:57:13) - Getting current bf byte
INFO (2021-04-09 21:57:13) - @6, command is >
INFO (2021-04-09 21:57:13) - Incrementing bf data pointer
INFO (2021-04-09 21:57:13) - @7, command is >
INFO (2021-04-09 21:57:13) - Incrementing bf data pointer
INFO (2021-04-09 21:57:13) - @8, command is >
INFO (2021-04-09 21:57:13) - Incrementing bf data pointer
INFO (2021-04-09 21:57:13) - @9, command is -
INFO (2021-04-09 21:57:13) - Decrementing bf byte
INFO (2021-04-09 21:57:13) - Getting current bf byte
INFO (2021-04-09 21:57:13) - @10, command is <
INFO (2021-04-09 21:57:13) - Decrementing bf data pointer
INFO (2021-04-09 21:57:13) - @11, command is -
INFO (2021-04-09 21:57:13) - Decrementing bf byte
INFO (2021-04-09 21:57:13) - Getting current bf byte
INFO (2021-04-09 21:57:13) - @12, command is <
INFO (2021-04-09 21:57:13) - Decrementing bf data pointer
INFO (2021-04-09 21:57:13) - @13, command is +
INFO (2021-04-09 21:57:13) - Incrementing bf byte
INFO (2021-04-09 21:57:13) - Getting current bf byte
INFO (2021-04-09 21:57:13) - @14, command is ]
INFO (2021-04-09 21:57:13) - Conditional backward jump
INFO (2021-04-09 21:57:13) - Getting current bf byte
INFO (2021-04-09 21:57:13) - Byte was zero, jumping
INFO (2021-04-09 21:57:13) - Jumped to 3
INFO (2021-04-09 21:57:13) - @4, command is <
INFO (2021-04-09 21:57:13) - Decrementing bf data pointer
INFO (2021-04-09 21:57:13) - @5, command is +
INFO (2021-04-09 21:57:13) - Incrementing bf byte
INFO (2021-04-09 21:57:13) - Getting current bf byte
INFO (2021-04-09 21:57:13) - @6, command is >
INFO (2021-04-09 21:57:13) - Incrementing bf data pointer
INFO (2021-04-09 21:57:13) - @7, command is >
INFO (2021-04-09 21:57:13) - Incrementing bf data pointer
INFO (2021-04-09 21:57:13) - @8, command is >
INFO (2021-04-09 21:57:13) - Incrementing bf data pointer
INFO (2021-04-09 21:57:13) - @9, command is -
INFO (2021-04-09 21:57:13) - Decrementing bf byte
INFO (2021-04-09 21:57:13) - Getting current bf byte
INFO (2021-04-09 21:57:13) - @10, command is <
INFO (2021-04-09 21:57:13) - Decrementing bf data pointer
INFO (2021-04-09 21:57:13) - @11, command is -
INFO (2021-04-09 21:57:13) - Decrementing bf byte
INFO (2021-04-09 21:57:13) - Getting current bf byte
INFO (2021-04-09 21:57:13) - @12, command is <
INFO (2021-04-09 21:57:13) - Decrementing bf data pointer
INFO (2021-04-09 21:57:13) - @13, command is +
INFO (2021-04-09 21:57:13) - Incrementing bf byte
INFO (2021-04-09 21:57:13) - Getting current bf byte
INFO (2021-04-09 21:57:13) - @14, command is ]
INFO (2021-04-09 21:57:13) - Conditional backward jump
INFO (2021-04-09 21:57:13) - Getting current bf byte
INFO (2021-04-09 21:57:13) - Byte was zero, jumping
INFO (2021-04-09 21:57:13) - Jumped to 3
INFO (2021-04-09 21:57:13) - @4, command is <
INFO (2021-04-09 21:57:13) - Decrementing bf data pointer
INFO (2021-04-09 21:57:13) - @5, command is +
INFO (2021-04-09 21:57:13) - Incrementing bf byte
INFO (2021-04-09 21:57:13) - Getting current bf byte
INFO (2021-04-09 21:57:13) - @6, command is >
INFO (2021-04-09 21:57:13) - Incrementing bf data pointer
INFO (2021-04-09 21:57:13) - @7, command is >
INFO (2021-04-09 21:57:13) - Incrementing bf data pointer
INFO (2021-04-09 21:57:13) - @8, command is >
INFO (2021-04-09 21:57:13) - Incrementing bf data pointer
INFO (2021-04-09 21:57:13) - @9, command is -
INFO (2021-04-09 21:57:13) - Decrementing bf byte
INFO (2021-04-09 21:57:13) - Getting current bf byte
INFO (2021-04-09 21:57:13) - @10, command is <
INFO (2021-04-09 21:57:13) - Decrementing bf data pointer
