INFO (2021-04-09 21:24:39) - Initialising Brainfuck
INFO (2021-04-09 21:24:39) - parsing file scripts/fibonacci.bf
DEBUG (2021-04-09 21:24:39) - got command >
DEBUG (2021-04-09 21:24:39) - got command -
DEBUG (2021-04-09 21:24:39) - got command [
DEBUG (2021-04-09 21:24:39) - got command [
DEBUG (2021-04-09 21:24:39) - got command <
DEBUG (2021-04-09 21:24:39) - got command +
DEBUG (2021-04-09 21:24:39) - got command >
DEBUG (2021-04-09 21:24:39) - got command >
DEBUG (2021-04-09 21:24:39) - got command >
DEBUG (2021-04-09 21:24:39) - got command -
DEBUG (2021-04-09 21:24:39) - got command <
DEBUG (2021-04-09 21:24:39) - got command -
DEBUG (2021-04-09 21:24:39) - got command <
DEBUG (2021-04-09 21:24:39) - got command +
DEBUG (2021-04-09 21:24:39) - got command ]
DEBUG (2021-04-09 21:24:39) - got command >
DEBUG (2021-04-09 21:24:39) - got command ]
INFO (2021-04-09 21:24:39) - Running Brainfuck
DEBUG (2021-04-09 21:24:39) - Commands: 
DEBUG (2021-04-09 21:24:39) - 0: >
DEBUG (2021-04-09 21:24:39) - 1: -
DEBUG (2021-04-09 21:24:39) - 2: [ (closed @ 16)
DEBUG (2021-04-09 21:24:39) - 3: [ (closed @ 14)
DEBUG (2021-04-09 21:24:39) - 4: <
DEBUG (2021-04-09 21:24:39) - 5: +
DEBUG (2021-04-09 21:24:39) - 6: >
DEBUG (2021-04-09 21:24:39) - 7: >
DEBUG (2021-04-09 21:24:39) - 8: >
DEBUG (2021-04-09 21:24:39) - 9: -
DEBUG (2021-04-09 21:24:39) - 10: <
DEBUG (2021-04-09 21:24:39) - 11: -
DEBUG (2021-04-09 21:24:39) - 12: <
DEBUG (2021-04-09 21:24:39) - 13: +
DEBUG (2021-04-09 21:24:39) - 14: ]
DEBUG (2021-04-09 21:24:39) - 15: >
DEBUG (2021-04-09 21:24:39) - 16: ]
INFO (2021-04-09 21:24:39) - @0, command is >
INFO (2021-04-09 21:24:39) - Incrementing bf data pointer
INFO (2021-04-09 21:24:46) - @1, command is -
INFO (2021-04-09 21:24:46) - Getting current bf byte
WARN (2021-04-09 21:24:46) - Tried to decrement bf byte, but it was already 0
INFO (2021-04-09 21:24:51) - @2, command is [
INFO (2021-04-09 21:24:51) - Conditional forward jump
INFO (2021-04-09 21:24:51) - Getting current bf byte
INFO (2021-04-09 21:24:51) - Byte is 0 - jumping
INFO (2021-04-09 21:24:51) - Finding next ] command (at 2)
INFO (2021-04-09 21:24:51) - Found ] at 16
