INFO - got command 6
INFO - got command #
INFO - got command  
INFO - got command l
INFO - got command l
INFO - got command e
INFO - got command C
INFO - got command  
INFO - got command m
INFO - got command o
INFO - got command r
INFO - got command f
INFO - got command  
INFO - got command e
INFO - got command n
INFO - got command i
INFO - got command l
INFO - got command w
INFO - got command e
INFO - got command n
INFO - got command  
INFO - got command a
INFO - got command  
INFO - got command y
INFO - got command l
INFO - got command l
INFO - got command a
INFO - got command n
INFO - got command i
INFO - got command f
INFO - got command  
INFO - got command d
INFO - got command n
INFO - got command A
INFO - got command  
INFO - got command  
INFO - got command  
INFO - got command  
INFO - got command  
INFO - got command  
INFO - got command  
INFO - got command  
INFO - got command  
INFO - got command  
INFO - got command  
INFO - got command  
INFO - got command  
INFO - got command  
INFO - got command  
INFO - got command  
INFO - got command  
INFO - got command  
INFO - got command  
INFO - got command  
INFO - got command .
INFO - got command +
INFO - got command +
INFO - got command >
INFO - got command 

INFO - got command t
INFO - got command n
INFO - got command i
INFO - got command o
INFO - got command p
INFO - got command  
INFO - got command n
INFO - got command o
INFO - got command i
INFO - got command t
INFO - got command a
INFO - got command m
INFO - got command a
INFO - got command l
INFO - got command c
INFO - got command x
INFO - got command e
INFO - got command  
INFO - got command n
INFO - got command a
INFO - got command  
INFO - got command s
INFO - got command u
INFO - got command  
INFO - got command s
INFO - got command e
INFO - got command v
INFO - got command i
INFO - got command g
INFO - got command  
INFO - got command 5
INFO - got command #
INFO - got command  
INFO - got command l
INFO - got command l
INFO - got command e
INFO - got command C
INFO - got command  
INFO - got command o
INFO - got command t
INFO - got command  
INFO - got command 1
INFO - got command  
INFO - got command d
INFO - got command d
INFO - got command A
INFO - got command  
INFO - got command  
INFO - got command  
INFO - got command  
INFO - got command  
INFO - got command  
INFO - got command  
INFO - got command  
INFO - got command  
INFO - got command  
INFO - got command  
INFO - got command  
INFO - got command  
INFO - got command  
INFO - got command  
INFO - got command  
INFO - got command  
INFO - got command  
INFO - got command  
INFO - got command  
INFO - got command .
INFO - got command +
INFO - got command >
INFO - got command >
INFO - got command 

INFO - got command '
INFO - got command d
INFO - got command '
INFO - got command  
INFO - got command d
INFO - got command n
INFO - got command a
INFO - got command  
INFO - got command '
INFO - got command l
INFO - got command r
INFO - got command '
INFO - got command  
INFO - got command r
INFO - got command o
INFO - got command f
INFO - got command  
INFO - got command 3
INFO - got command #
INFO - got command  
INFO - got command l
INFO - got command l
INFO - got command e
INFO - got command C
INFO - got command  
INFO - got command  
INFO - got command  
INFO - got command  
INFO - got command .
INFO - got command -
INFO - got command -
INFO - got command -
INFO - got command -
INFO - got command -
INFO - got command -
INFO - got command -
INFO - got command -
INFO - got command .
INFO - got command -
INFO - got command -
INFO - got command -
INFO - got command -
INFO - got command -
INFO - got command -
INFO - got command .
INFO - got command +
INFO - got command +
INFO - got command +
INFO - got command 

INFO - got command '
INFO - got command o
INFO - got command l
INFO - got command l
INFO - got command e
INFO - got command H
INFO - got command '
INFO - got command  
INFO - got command f
INFO - got command o
INFO - got command  
INFO - got command d
INFO - got command n
INFO - got command e
INFO - got command  
INFO - got command e
INFO - got command h
INFO - got command t
INFO - got command  
INFO - got command m
INFO - got command o
INFO - got command r
INFO - got command f
INFO - got command  
INFO - got command '
INFO - got command o
INFO - got command '
INFO - got command  
INFO - got command o
INFO - got command t
INFO - got command  
INFO - got command t
INFO - got command e
INFO - got command s
INFO - got command  
INFO - got command s
INFO - got command a
INFO - got command w
INFO - got command  
INFO - got command 3
INFO - got command #
INFO - got command  
INFO - got command l
INFO - got command l
INFO - got command e
INFO - got command C
INFO - got command  
INFO - got command  
INFO - got command  
INFO - got command  
INFO - got command  
INFO - got command  
INFO - got command  
INFO - got command  
INFO - got command  
INFO - got command  
INFO - got command  
INFO - got command  
INFO - got command  
INFO - got command  
INFO - got command  
INFO - got command  
INFO - got command  
INFO - got command  
INFO - got command  
INFO - got command  
INFO - got command  
INFO - got command  
INFO - got command .
INFO - got command <
INFO - got command 

INFO - got command '
INFO - got command W
INFO - got command '
INFO - got command  
INFO - got command a
INFO - got command  
INFO - got command e
INFO - got command v
INFO - got command i
INFO - got command g
INFO - got command  
INFO - got command o
INFO - got command t
INFO - got command  
INFO - got command 7
INFO - got command 8
INFO - got command  
INFO - got command r
INFO - got command o
INFO - got command f
INFO - got command  
INFO - got command 4
INFO - got command #
INFO - got command  
INFO - got command l
INFO - got command l
INFO - got command e
INFO - got command C
INFO - got command  
INFO - got command m
INFO - got command o
INFO - got command r
INFO - got command f
INFO - got command  
INFO - got command 1
INFO - got command  
INFO - got command t
INFO - got command c
INFO - got command a
INFO - got command r
INFO - got command t
INFO - got command b
INFO - got command u
INFO - got command S
INFO - got command  
INFO - got command  
INFO - got command  
INFO - got command  
INFO - got command  
INFO - got command  
INFO - got command  
INFO - got command  
INFO - got command  
INFO - got command  
INFO - got command  
INFO - got command  
INFO - got command  
INFO - got command  
INFO - got command  
INFO - got command  
INFO - got command  
INFO - got command  
INFO - got command  
INFO - got command  
INFO - got command  
INFO - got command .
INFO - got command -
INFO - got command <
INFO - got command 

INFO - got command e
INFO - got command c
INFO - got command a
INFO - got command p
INFO - got command s
INFO - got command  
INFO - got command e
INFO - got command h
INFO - got command t
INFO - got command  
INFO - got command r
INFO - got command o
INFO - got command f
INFO - got command  
INFO - got command 2
INFO - got command 3
INFO - got command  
INFO - got command s
INFO - got command i
INFO - got command  
INFO - got command 5
INFO - got command #
INFO - got command  
INFO - got command l
INFO - got command l
INFO - got command e
INFO - got command C
INFO - got command  
INFO - got command  
INFO - got command  
INFO - got command  
INFO - got command  
INFO - got command  
INFO - got command  
INFO - got command  
INFO - got command  
INFO - got command  
INFO - got command  
INFO - got command  
INFO - got command  
INFO - got command  
INFO - got command  
INFO - got command  
INFO - got command  
INFO - got command  
INFO - got command  
INFO - got command  
INFO - got command  
INFO - got command .
INFO - got command >
INFO - got command >
INFO - got command 

INFO - got command 3
INFO - got command #
INFO - got command  
INFO - got command l
INFO - got command l
INFO - got command e
INFO - got command C
INFO - got command  
INFO - got command m
INFO - got command o
INFO - got command r
INFO - got command f
INFO - got command  
INFO - got command '
INFO - got command o
INFO - got command l
INFO - got command l
INFO - got command '
INFO - got command  
INFO - got command r
INFO - got command o
INFO - got command f
INFO - got command  
INFO - got command e
INFO - got command s
INFO - got command i
INFO - got command w
INFO - got command e
INFO - got command k
INFO - got command i
INFO - got command L
INFO - got command  
INFO - got command  
INFO - got command  
INFO - got command  
INFO - got command  
INFO - got command  
INFO - got command  
INFO - got command  
INFO - got command  
INFO - got command  
INFO - got command  
INFO - got command .
INFO - got command +
INFO - got command +
INFO - got command +
INFO - got command .
INFO - got command .
INFO - got command +
INFO - got command +
INFO - got command +
INFO - got command +
INFO - got command +
INFO - got command +
INFO - got command +
INFO - got command 

INFO - got command '
INFO - got command e
INFO - got command '
INFO - got command  
INFO - got command s
INFO - got command i
INFO - got command  
INFO - got command h
INFO - got command c
INFO - got command i
INFO - got command h
INFO - got command w
INFO - got command  
INFO - got command 1
INFO - got command 0
INFO - got command 1
INFO - got command  
INFO - got command t
INFO - got command e
INFO - got command g
INFO - got command  
INFO - got command o
INFO - got command t
INFO - got command  
INFO - got command 3
INFO - got command #
INFO - got command  
INFO - got command l
INFO - got command l
INFO - got command e
INFO - got command C
INFO - got command  
INFO - got command m
INFO - got command o
INFO - got command r
INFO - got command f
INFO - got command  
INFO - got command 3
INFO - got command  
INFO - got command t
INFO - got command c
INFO - got command a
INFO - got command r
INFO - got command t
INFO - got command b
INFO - got command u
INFO - got command S
INFO - got command  
INFO - got command  
INFO - got command  
INFO - got command  
INFO - got command  
INFO - got command  
INFO - got command  
INFO - got command  
INFO - got command  
INFO - got command  
INFO - got command  
INFO - got command  
INFO - got command  
INFO - got command  
INFO - got command  
INFO - got command  
INFO - got command  
INFO - got command  
INFO - got command  
INFO - got command .
INFO - got command -
INFO - got command -
INFO - got command -
INFO - got command >
INFO - got command 

INFO - got command '
INFO - got command H
INFO - got command '
INFO - got command  
INFO - got command s
INFO - got command i
INFO - got command  
INFO - got command h
INFO - got command c
INFO - got command i
INFO - got command h
INFO - got command w
INFO - got command  
INFO - got command 2
INFO - got command 7
INFO - got command  
INFO - got command e
INFO - got command u
INFO - got command l
INFO - got command a
INFO - got command v
INFO - got command  
INFO - got command s
INFO - got command a
INFO - got command h
INFO - got command  
INFO - got command 2
INFO - got command #
INFO - got command  
INFO - got command l
INFO - got command l
INFO - got command e
INFO - got command C
INFO - got command  
INFO - got command  
INFO - got command  
INFO - got command  
INFO - got command  
INFO - got command  
INFO - got command  
INFO - got command  
INFO - got command  
INFO - got command  
INFO - got command  
INFO - got command  
INFO - got command  
INFO - got command  
INFO - got command  
INFO - got command  
INFO - got command  
INFO - got command  
INFO - got command  
INFO - got command  
INFO - got command  
INFO - got command .
INFO - got command >
INFO - got command >
INFO - got command 

INFO - got command 

INFO - got command ^
INFO - got command  
INFO - got command  
INFO - got command  
INFO - got command :
INFO - got command  
INFO - got command r
INFO - got command e
INFO - got command t
INFO - got command n
INFO - got command i
INFO - got command o
INFO - got command P
INFO - got command 

INFO - got command 8
INFO - got command  
INFO - got command  
INFO - got command  
INFO - got command 2
INFO - got command 3
INFO - got command  
INFO - got command  
INFO - got command 8
INFO - got command 8
INFO - got command  
INFO - got command  
INFO - got command 4
INFO - got command 0
INFO - got command 1
INFO - got command  
INFO - got command 2
INFO - got command 7
INFO - got command  
INFO - got command  
INFO - got command 0
INFO - got command  
INFO - got command  
INFO - got command  
INFO - got command 0
INFO - got command  
INFO - got command  
INFO - got command  
INFO - got command :
INFO - got command s
INFO - got command t
INFO - got command n
INFO - got command e
INFO - got command t
INFO - got command n
INFO - got command o
INFO - got command C
INFO - got command 

INFO - got command 6
INFO - got command  
INFO - got command  
INFO - got command  
INFO - got command 5
INFO - got command  
INFO - got command  
INFO - got command  
INFO - got command 4
INFO - got command  
INFO - got command  
INFO - got command  
INFO - got command 3
INFO - got command  
INFO - got command  
INFO - got command  
INFO - got command 2
INFO - got command  
INFO - got command  
INFO - got command  
INFO - got command 1
INFO - got command  
INFO - got command  
INFO - got command  
INFO - got command 0
INFO - got command  
INFO - got command  
INFO - got command  
INFO - got command :
INFO - got command  
INFO - got command o
INFO - got command N
INFO - got command  
INFO - got command l
INFO - got command l
INFO - got command e
INFO - got command C
INFO - got command 

INFO - got command :
INFO - got command s
INFO - got command i
INFO - got command  
INFO - got command s
INFO - got command i
INFO - got command h
INFO - got command t
INFO - got command  
INFO - got command f
INFO - got command o
INFO - got command  
INFO - got command t
INFO - got command l
INFO - got command u
INFO - got command s
INFO - got command e
INFO - got command r
INFO - got command  
INFO - got command e
INFO - got command h
INFO - got command T
INFO - got command 

INFO - got command 

INFO - got command 8
INFO - got command  
INFO - got command s
INFO - got command i
INFO - got command  
INFO - got command s
INFO - got command n
INFO - got command o
INFO - got command i
INFO - got command t
INFO - got command a
INFO - got command r
INFO - got command e
INFO - got command t
INFO - got command i
INFO - got command  
INFO - got command f
INFO - got command o
INFO - got command  
INFO - got command r
INFO - got command e
INFO - got command b
INFO - got command m
INFO - got command u
INFO - got command n
INFO - got command  
INFO - got command ;
INFO - got command o
INFO - got command r
INFO - got command e
INFO - got command z
INFO - got command  
INFO - got command s
INFO - got command i
INFO - got command  
INFO - got command 0
INFO - got command #
INFO - got command  
INFO - got command l
INFO - got command l
INFO - got command e
INFO - got command C
INFO - got command  
INFO - got command l
INFO - got command l
INFO - got command i
INFO - got command t
INFO - got command  
INFO - got command p
INFO - got command o
INFO - got command o
INFO - got command L
INFO - got command  
INFO - got command  
INFO - got command  
INFO - got command  
INFO - got command  
INFO - got command  
INFO - got command  
INFO - got command  
INFO - got command  
INFO - got command  
INFO - got command  
INFO - got command  
INFO - got command  
INFO - got command  
INFO - got command  
INFO - got command  
INFO - got command  
INFO - got command  
INFO - got command  
INFO - got command  
INFO - got command  
INFO - got command  
INFO - got command  
INFO - got command ]
INFO - got command 

INFO - got command 0
INFO - got command #
INFO - got command  
INFO - got command l
INFO - got command l
INFO - got command e
INFO - got command C
INFO - got command  
INFO - got command n
INFO - got command i
INFO - got command  
INFO - got command r
INFO - got command e
INFO - got command t
INFO - got command n
INFO - got command u
INFO - got command o
INFO - got command C
INFO - got command  
INFO - got command p
INFO - got command o
INFO - got command o
INFO - got command l
INFO - got command  
INFO - got command e
INFO - got command h
INFO - got command t
INFO - got command  
INFO - got command t
INFO - got command n
INFO - got command e
INFO - got command m
INFO - got command e
INFO - got command r
INFO - got command c
INFO - got command e
INFO - got command D
INFO - got command  
INFO - got command  
INFO - got command  
INFO - got command  
INFO - got command  
INFO - got command  
INFO - got command  
INFO - got command  
INFO - got command  
INFO - got command  
INFO - got command  
INFO - got command  
INFO - got command  
INFO - got command  
INFO - got command  
INFO - got command  
INFO - got command  
INFO - got command  
INFO - got command -
INFO - got command <
INFO - got command  
INFO - got command  
INFO - got command  
INFO - got command  
INFO - got command 

INFO - got command p
INFO - got command o
INFO - got command o
INFO - got command l
INFO - got command  
INFO - got command s
INFO - got command u
INFO - got command o
INFO - got command i
INFO - got command v
INFO - got command e
INFO - got command r
INFO - got command p
INFO - got command  
INFO - got command e
INFO - got command h
INFO - got command t
INFO - got command  
INFO - got command y
INFO - got command b
INFO - got command  
INFO - got command d
INFO - got command e
INFO - got command r
INFO - got command a
INFO - got command e
INFO - got command l
INFO - got command c
INFO - got command  
INFO - got command s
INFO - got command a
INFO - got command w
INFO - got command  
INFO - got command h
INFO - got command c
INFO - got command i
INFO - got command h
INFO - got command w
INFO - got command  
INFO - got command 1
INFO - got command #
INFO - got command  
INFO - got command l
INFO - got command l
INFO - got command e
INFO - got command C
INFO - got command  
INFO - got command e
INFO - got command b
INFO - got command  
INFO - got command  
INFO - got command  
INFO - got command  
INFO - got command  
INFO - got command  
INFO - got command  
INFO - got command  
INFO - got command  
INFO - got command  
INFO - got command  
INFO - got command  
INFO - got command  
INFO - got command  
INFO - got command  
INFO - got command  
INFO - got command  
INFO - got command  
INFO - got command  
INFO - got command  
INFO - got command  
INFO - got command  
INFO - got command  
INFO - got command  
INFO - got command 

INFO - got command l
INFO - got command l
INFO - got command i
INFO - got command w
INFO - got command  
INFO - got command s
INFO - got command i
INFO - got command h
INFO - got command t
INFO - got command  
INFO - got command ;
INFO - got command d
INFO - got command n
INFO - got command i
INFO - got command f
INFO - got command  
INFO - got command u
INFO - got command o
INFO - got command y
INFO - got command  
INFO - got command l
INFO - got command l
INFO - got command e
INFO - got command c
INFO - got command  
INFO - got command o
INFO - got command r
INFO - got command e
INFO - got command z
INFO - got command  
INFO - got command t
INFO - got command s
INFO - got command r
INFO - got command i
INFO - got command f
INFO - got command  
INFO - got command e
INFO - got command h
INFO - got command t
INFO - got command  
INFO - got command o
INFO - got command t
INFO - got command  
INFO - got command k
INFO - got command c
INFO - got command a
INFO - got command b
INFO - got command  
INFO - got command e
INFO - got command v
INFO - got command o
INFO - got command M
INFO - got command  
INFO - got command  
INFO - got command  
INFO - got command  
INFO - got command  
INFO - got command  
INFO - got command  
INFO - got command  
INFO - got command  
INFO - got command  
INFO - got command  
INFO - got command  
INFO - got command  
INFO - got command  
INFO - got command  
INFO - got command  
INFO - got command  
INFO - got command ]
INFO - got command <
INFO - got command [
INFO - got command  
INFO - got command  
INFO - got command  
INFO - got command  
INFO - got command 

INFO - got command 6
INFO - got command #
INFO - got command  
INFO - got command l
INFO - got command l
INFO - got command e
INFO - got command C
INFO - got command  
INFO - got command o
INFO - got command t
INFO - got command  
INFO - got command 1
INFO - got command  
INFO - got command d
INFO - got command d
INFO - got command A
INFO - got command  
INFO - got command  
INFO - got command  
INFO - got command  
INFO - got command  
INFO - got command  
INFO - got command  
INFO - got command  
INFO - got command  
INFO - got command  
INFO - got command  
INFO - got command  
INFO - got command  
INFO - got command  
INFO - got command  
INFO - got command  
INFO - got command  
INFO - got command +
INFO - got command >
INFO - got command >
INFO - got command  
INFO - got command  
INFO - got command  
INFO - got command  
INFO - got command 

INFO - got command 4
INFO - got command #
INFO - got command  
INFO - got command l
INFO - got command l
INFO - got command e
INFO - got command C
INFO - got command  
INFO - got command m
INFO - got command o
INFO - got command r
INFO - got command f
INFO - got command  
INFO - got command 1
INFO - got command  
INFO - got command t
INFO - got command c
INFO - got command a
INFO - got command r
INFO - got command t
INFO - got command b
INFO - got command u
INFO - got command S
INFO - got command  
INFO - got command  
INFO - got command  
INFO - got command  
INFO - got command  
INFO - got command  
INFO - got command  
INFO - got command  
INFO - got command  
INFO - got command  
INFO - got command  
INFO - got command  
INFO - got command  
INFO - got command  
INFO - got command  
INFO - got command  
INFO - got command  
INFO - got command  
INFO - got command -
INFO - got command >
INFO - got command  
INFO - got command  
INFO - got command  
INFO - got command  
INFO - got command 

INFO - got command 3
INFO - got command #
INFO - got command  
INFO - got command l
INFO - got command l
INFO - got command e
INFO - got command C
INFO - got command  
INFO - got command o
INFO - got command t
INFO - got command  
INFO - got command 1
INFO - got command  
INFO - got command d
INFO - got command d
INFO - got command A
INFO - got command  
INFO - got command  
INFO - got command  
INFO - got command  
INFO - got command  
INFO - got command  
INFO - got command  
INFO - got command  
INFO - got command  
INFO - got command  
INFO - got command  
INFO - got command  
INFO - got command  
INFO - got command  
INFO - got command  
INFO - got command  
INFO - got command  
INFO - got command  
INFO - got command +
INFO - got command >
INFO - got command  
INFO - got command  
INFO - got command  
INFO - got command  
INFO - got command 

INFO - got command 2
INFO - got command #
INFO - got command  
INFO - got command l
INFO - got command l
INFO - got command e
INFO - got command C
INFO - got command  
INFO - got command o
INFO - got command t
INFO - got command  
INFO - got command 1
INFO - got command  
INFO - got command d
INFO - got command d
INFO - got command A
INFO - got command  
INFO - got command  
INFO - got command  
INFO - got command  
INFO - got command  
INFO - got command  
INFO - got command  
INFO - got command  
INFO - got command  
INFO - got command  
INFO - got command  
INFO - got command  
INFO - got command  
INFO - got command  
INFO - got command  
INFO - got command  
INFO - got command  
INFO - got command  
INFO - got command +
INFO - got command >
INFO - got command  
INFO - got command  
INFO - got command  
INFO - got command  
INFO - got command 

INFO - got command 4
INFO - got command  
INFO - got command s
INFO - got command i
INFO - got command  
INFO - got command s
INFO - got command n
INFO - got command o
INFO - got command i
INFO - got command t
INFO - got command a
INFO - got command r
INFO - got command e
INFO - got command t
INFO - got command i
INFO - got command  
INFO - got command f
INFO - got command o
INFO - got command  
INFO - got command r
INFO - got command e
INFO - got command b
INFO - got command m
INFO - got command u
INFO - got command n
INFO - got command  
INFO - got command ;
INFO - got command o
INFO - got command r
INFO - got command e
INFO - got command z
INFO - got command  
INFO - got command s
INFO - got command i
INFO - got command  
INFO - got command 1
INFO - got command #
INFO - got command  
INFO - got command l
INFO - got command l
INFO - got command e
INFO - got command C
INFO - got command  
INFO - got command l
INFO - got command l
INFO - got command i
INFO - got command t
INFO - got command  
INFO - got command p
INFO - got command o
INFO - got command o
INFO - got command L
INFO - got command  
INFO - got command  
INFO - got command  
INFO - got command  
INFO - got command  
INFO - got command  
INFO - got command  
INFO - got command  
INFO - got command  
INFO - got command  
INFO - got command  
INFO - got command  
INFO - got command  
INFO - got command  
INFO - got command  
INFO - got command  
INFO - got command  
INFO - got command  
INFO - got command  
INFO - got command ]
INFO - got command  
INFO - got command  
INFO - got command  
INFO - got command  
INFO - got command 

INFO - got command 1
INFO - got command #
INFO - got command  
INFO - got command l
INFO - got command l
INFO - got command e
INFO - got command C
INFO - got command  
INFO - got command n
INFO - got command i
INFO - got command  
INFO - got command r
INFO - got command e
INFO - got command t
INFO - got command n
INFO - got command u
INFO - got command o
INFO - got command c
INFO - got command  
INFO - got command p
INFO - got command o
INFO - got command o
INFO - got command l
INFO - got command  
INFO - got command e
INFO - got command h
INFO - got command t
INFO - got command  
INFO - got command t
INFO - got command n
INFO - got command e
INFO - got command m
INFO - got command e
INFO - got command r
INFO - got command c
INFO - got command e
INFO - got command D
INFO - got command  
INFO - got command  
INFO - got command  
INFO - got command  
INFO - got command  
INFO - got command  
INFO - got command  
INFO - got command  
INFO - got command  
INFO - got command  
INFO - got command  
INFO - got command -
INFO - got command <
INFO - got command <
INFO - got command <
INFO - got command <
INFO - got command  
INFO - got command  
INFO - got command  
INFO - got command  
INFO - got command  
INFO - got command  
INFO - got command  
INFO - got command  
INFO - got command 

INFO - got command 5
INFO - got command #
INFO - got command  
INFO - got command l
INFO - got command l
INFO - got command e
INFO - got command C
INFO - got command  
INFO - got command o
INFO - got command t
INFO - got command  
INFO - got command 1
INFO - got command  
INFO - got command d
INFO - got command d
INFO - got command A
INFO - got command  
INFO - got command  
INFO - got command  
INFO - got command  
INFO - got command  
INFO - got command  
INFO - got command  
INFO - got command  
INFO - got command  
INFO - got command  
INFO - got command  
INFO - got command  
INFO - got command  
INFO - got command  
INFO - got command +
INFO - got command >
INFO - got command  
INFO - got command  
INFO - got command  
INFO - got command  
INFO - got command  
INFO - got command  
INFO - got command  
INFO - got command  
INFO - got command 

INFO - got command 4
INFO - got command #
INFO - got command  
INFO - got command l
INFO - got command l
INFO - got command e
INFO - got command C
INFO - got command  
INFO - got command o
INFO - got command t
INFO - got command  
INFO - got command 3
INFO - got command  
INFO - got command d
INFO - got command d
INFO - got command A
INFO - got command  
INFO - got command  
INFO - got command  
INFO - got command  
INFO - got command  
INFO - got command  
INFO - got command  
INFO - got command  
INFO - got command  
INFO - got command  
INFO - got command  
INFO - got command  
INFO - got command +
INFO - got command +
INFO - got command +
INFO - got command >
INFO - got command  
INFO - got command  
INFO - got command  
INFO - got command  
INFO - got command  
INFO - got command  
INFO - got command  
INFO - got command  
INFO - got command 

INFO - got command 3
INFO - got command #
INFO - got command  
INFO - got command l
INFO - got command l
INFO - got command e
INFO - got command C
INFO - got command  
INFO - got command o
INFO - got command t
INFO - got command  
INFO - got command 3
INFO - got command  
INFO - got command d
INFO - got command d
INFO - got command A
INFO - got command  
INFO - got command  
INFO - got command  
INFO - got command  
INFO - got command  
INFO - got command  
INFO - got command  
INFO - got command  
INFO - got command  
INFO - got command  
INFO - got command  
INFO - got command  
INFO - got command +
INFO - got command +
INFO - got command +
INFO - got command >
INFO - got command  
INFO - got command  
INFO - got command  
INFO - got command  
INFO - got command  
INFO - got command  
INFO - got command  
INFO - got command  
INFO - got command 

INFO - got command 2
INFO - got command #
INFO - got command  
INFO - got command l
INFO - got command l
INFO - got command e
INFO - got command C
INFO - got command  
INFO - got command o
INFO - got command t
INFO - got command  
INFO - got command 2
INFO - got command  
INFO - got command d
INFO - got command d
INFO - got command A
INFO - got command  
INFO - got command  
INFO - got command  
INFO - got command  
INFO - got command  
INFO - got command  
INFO - got command  
INFO - got command  
INFO - got command  
INFO - got command  
INFO - got command  
INFO - got command  
INFO - got command  
INFO - got command +
INFO - got command +
INFO - got command >
INFO - got command  
INFO - got command  
INFO - got command  
INFO - got command  
INFO - got command  
INFO - got command  
INFO - got command  
INFO - got command  
INFO - got command 

INFO - got command p
INFO - got command o
INFO - got command o
INFO - got command l
INFO - got command  
INFO - got command e
INFO - got command h
INFO - got command t
INFO - got command  
INFO - got command y
INFO - got command b
INFO - got command  
INFO - got command d
INFO - got command e
INFO - got command r
INFO - got command a
INFO - got command e
INFO - got command l
INFO - got command c
INFO - got command  
INFO - got command e
INFO - got command b
INFO - got command  
INFO - got command l
INFO - got command l
INFO - got command i
INFO - got command w
INFO - got command  
INFO - got command l
INFO - got command l
INFO - got command e
INFO - got command c
INFO - got command  
INFO - got command e
INFO - got command h
INFO - got command t
INFO - got command  
INFO - got command s
INFO - got command a
INFO - got command  
INFO - got command  
INFO - got command  
INFO - got command  
INFO - got command  
INFO - got command  
INFO - got command  
INFO - got command  
INFO - got command  
INFO - got command  
INFO - got command  
INFO - got command  
INFO - got command  
INFO - got command  
INFO - got command  
INFO - got command  
INFO - got command  
INFO - got command  
INFO - got command  
INFO - got command [
INFO - got command  
INFO - got command  
INFO - got command  
INFO - got command  
INFO - got command 

INFO - got command 4
INFO - got command  
INFO - got command o
INFO - got command t
INFO - got command  
INFO - got command 1
INFO - got command #
INFO - got command  
INFO - got command l
INFO - got command l
INFO - got command e
INFO - got command C
INFO - got command  
INFO - got command t
INFO - got command e
INFO - got command s
INFO - got command  
INFO - got command s
INFO - got command y
INFO - got command a
INFO - got command w
INFO - got command l
INFO - got command a
INFO - got command  
INFO - got command l
INFO - got command l
INFO - got command i
INFO - got command w
INFO - got command  
INFO - got command s
INFO - got command i
INFO - got command h
INFO - got command t
INFO - got command  
INFO - got command ;
INFO - got command 1
INFO - got command #
INFO - got command  
INFO - got command l
INFO - got command l
INFO - got command e
INFO - got command C
INFO - got command  
INFO - got command o
INFO - got command t
INFO - got command  
INFO - got command 4
INFO - got command  
INFO - got command d
INFO - got command d
INFO - got command A
INFO - got command  
INFO - got command  
INFO - got command  
INFO - got command  
INFO - got command  
INFO - got command  
INFO - got command  
INFO - got command  
INFO - got command  
INFO - got command  
INFO - got command  
INFO - got command  
INFO - got command  
INFO - got command  
INFO - got command  
INFO - got command +
INFO - got command +
INFO - got command +
INFO - got command +
INFO - got command >
INFO - got command  
INFO - got command  
INFO - got command  
INFO - got command  
INFO - got command 

INFO - got command [
INFO - got command 

INFO - got command 8
INFO - got command  
INFO - got command o
INFO - got command t
INFO - got command  
INFO - got command 0
INFO - got command #
INFO - got command  
INFO - got command l
INFO - got command l
INFO - got command e
INFO - got command C
INFO - got command  
INFO - got command t
INFO - got command e
INFO - got command S
INFO - got command  
INFO - got command  
INFO - got command  
INFO - got command  
INFO - got command  
INFO - got command  
INFO - got command  
INFO - got command  
INFO - got command  
INFO - got command  
INFO - got command  
INFO - got command  
INFO - got command  
INFO - got command  
INFO - got command  
INFO - got command +
INFO - got command +
INFO - got command +
INFO - got command +
INFO - got command +
INFO - got command +
INFO - got command +
INFO - got command +
INFO - got command 

INFO - got command ]
INFO - got command 

INFO - got command .
INFO - got command d
INFO - got command e
INFO - got command p
INFO - got command p
INFO - got command i
INFO - got command k
INFO - got command s
INFO - got command  
INFO - got command e
INFO - got command b
INFO - got command  
INFO - got command o
INFO - got command t
INFO - got command  
INFO - got command p
INFO - got command o
INFO - got command o
INFO - got command l
INFO - got command  
INFO - got command s
INFO - got command i
INFO - got command h
INFO - got command t
INFO - got command  
INFO - got command s
INFO - got command e
INFO - got command s
INFO - got command u
INFO - got command a
INFO - got command c
INFO - got command  
INFO - got command e
INFO - got command u
INFO - got command l
INFO - got command a
INFO - got command v
INFO - got command  
INFO - got command 0
INFO - got command  
INFO - got command e
INFO - got command h
INFO - got command t
INFO - got command  
INFO - got command ;
INFO - got command 0
INFO - got command  
INFO - got command f
INFO - got command o
INFO - got command  
INFO - got command e
INFO - got command u
INFO - got command l
INFO - got command a
INFO - got command v
INFO - got command  
INFO - got command a
INFO - got command  
INFO - got command o
INFO - got command t
INFO - got command  
INFO - got command s
INFO - got command t
INFO - got command l
INFO - got command u
INFO - got command a
INFO - got command f
INFO - got command e
INFO - got command d
INFO - got command  
INFO - got command  
INFO - got command 

INFO - got command l
INFO - got command l
INFO - got command e
INFO - got command c
INFO - got command  
INFO - got command t
INFO - got command n
INFO - got command e
INFO - got command r
INFO - got command r
INFO - got command u
INFO - got command c
INFO - got command  
INFO - got command e
INFO - got command h
INFO - got command t
INFO - got command  
INFO - got command e
INFO - got command s
INFO - got command u
INFO - got command a
INFO - got command c
INFO - got command e
INFO - got command b
INFO - got command  
INFO - got command d
INFO - got command e
INFO - got command r
INFO - got command o
INFO - got command n
INFO - got command g
INFO - got command i
INFO - got command  
INFO - got command e
INFO - got command r
INFO - got command a
INFO - got command  
INFO - got command s
INFO - got command n
INFO - got command i
INFO - got command a
INFO - got command t
INFO - got command n
INFO - got command o
INFO - got command c
INFO - got command  
INFO - got command t
INFO - got command i
INFO - got command  
INFO - got command s
INFO - got command d
INFO - got command n
INFO - got command a
INFO - got command m
INFO - got command m
INFO - got command o
INFO - got command c
INFO - got command  
INFO - got command e
INFO - got command h
INFO - got command t
INFO - got command  
INFO - got command d
INFO - got command n
INFO - got command a
INFO - got command  
INFO - got command p
INFO - got command o
INFO - got command o
INFO - got command l
INFO - got command  
INFO - got command  
INFO - got command 

INFO - got command s
INFO - got command i
INFO - got command h
INFO - got command T
INFO - got command  
INFO - got command .
INFO - got command d
INFO - got command e
INFO - got command c
INFO - got command n
INFO - got command a
INFO - got command l
INFO - got command a
INFO - got command b
INFO - got command  
INFO - got command e
INFO - got command b
INFO - got command  
INFO - got command o
INFO - got command t
INFO - got command  
INFO - got command e
INFO - got command v
INFO - got command a
INFO - got command h
INFO - got command  
INFO - got command t
INFO - got command s
INFO - got command u
INFO - got command j
INFO - got command  
INFO - got command s
INFO - got command r
INFO - got command e
INFO - got command t
INFO - got command c
INFO - got command a
INFO - got command r
INFO - got command a
INFO - got command h
INFO - got command c
INFO - got command  
INFO - got command "
INFO - got command ]
INFO - got command "
INFO - got command  
INFO - got command d
INFO - got command n
INFO - got command a
INFO - got command  
INFO - got command "
INFO - got command [
INFO - got command "
INFO - got command  
INFO - got command e
INFO - got command h
INFO - got command t
INFO - got command  
INFO - got command ,
INFO - got command d
INFO - got command e
INFO - got command r
INFO - got command o
INFO - got command n
INFO - got command g
INFO - got command i
INFO - got command  
INFO - got command  
INFO - got command 

INFO - got command y
INFO - got command l
INFO - got command p
INFO - got command m
INFO - got command i
INFO - got command s
INFO - got command  
INFO - got command e
INFO - got command r
INFO - got command a
INFO - got command  
INFO - got command s
INFO - got command r
INFO - got command e
INFO - got command t
INFO - got command c
INFO - got command a
INFO - got command r
INFO - got command a
INFO - got command h
INFO - got command c
INFO - got command  
INFO - got command "
INFO - got command >
INFO - got command "
INFO - got command  
INFO - got command d
INFO - got command n
INFO - got command a
INFO - got command  
INFO - got command "
INFO - got command <
INFO - got command "
INFO - got command  
INFO - got command ,
INFO - got command "
INFO - got command -
INFO - got command "
INFO - got command  
INFO - got command ,
INFO - got command "
INFO - got command +
INFO - got command "
INFO - got command  
INFO - got command ,
INFO - got command "
INFO - got command ,
INFO - got command "
INFO - got command  
INFO - got command ,
INFO - got command "
INFO - got command .
INFO - got command "
INFO - got command  
INFO - got command y
INFO - got command n
INFO - got command A
INFO - got command  
INFO - got command .
INFO - got command s
INFO - got command r
INFO - got command e
INFO - got command t
INFO - got command c
INFO - got command a
INFO - got command r
INFO - got command a
INFO - got command h
INFO - got command c
INFO - got command  
INFO - got command  
INFO - got command 

INFO - got command d
INFO - got command n
INFO - got command a
INFO - got command m
INFO - got command m
INFO - got command o
INFO - got command c
INFO - got command  
INFO - got command y
INFO - got command n
INFO - got command a
INFO - got command  
INFO - got command t
INFO - got command u
INFO - got command o
INFO - got command b
INFO - got command a
INFO - got command  
INFO - got command y
INFO - got command r
INFO - got command r
INFO - got command o
INFO - got command w
INFO - got command  
INFO - got command o
INFO - got command t
INFO - got command  
INFO - got command e
INFO - got command v
INFO - got command a
INFO - got command h
INFO - got command  
INFO - got command t
INFO - got command '
INFO - got command n
INFO - got command o
INFO - got command d
INFO - got command  
INFO - got command u
INFO - got command o
INFO - got command y
INFO - got command  
INFO - got command t
INFO - got command a
INFO - got command h
INFO - got command t
INFO - got command  
INFO - got command h
INFO - got command c
INFO - got command u
INFO - got command s
INFO - got command  
INFO - got command m
INFO - got command a
INFO - got command r
INFO - got command g
INFO - got command o
INFO - got command r
INFO - got command p
INFO - got command  
INFO - got command F
INFO - got command B
INFO - got command  
INFO - got command a
INFO - got command  
INFO - got command o
INFO - got command t
INFO - got command  
INFO - got command  
INFO - got command 

INFO - got command t
INFO - got command n
INFO - got command e
INFO - got command m
INFO - got command m
INFO - got command o
INFO - got command c
INFO - got command  
INFO - got command a
INFO - got command  
INFO - got command g
INFO - got command n
INFO - got command i
INFO - got command d
INFO - got command d
INFO - got command a
INFO - got command  
INFO - got command f
INFO - got command o
INFO - got command  
INFO - got command y
INFO - got command a
INFO - got command w
INFO - got command  
INFO - got command e
INFO - got command l
INFO - got command p
INFO - got command m
INFO - got command i
INFO - got command s
INFO - got command  
INFO - got command a
INFO - got command  
INFO - got command ,
INFO - got command "
INFO - got command p
INFO - got command o
INFO - got command o
INFO - got command l
INFO - got command  
INFO - got command t
INFO - got command n
INFO - got command e
INFO - got command m
INFO - got command m
INFO - got command o
INFO - got command c
INFO - got command  
INFO - got command l
INFO - got command a
INFO - got command i
INFO - got command t
INFO - got command i
INFO - got command n
INFO - got command i
INFO - got command "
INFO - got command  
INFO - got command n
INFO - got command a
INFO - got command  
INFO - got command s
INFO - got command i
INFO - got command  
INFO - got command p
INFO - got command o
INFO - got command o
INFO - got command l
INFO - got command  
INFO - got command s
INFO - got command i
INFO - got command h
INFO - got command T
INFO - got command  
INFO - got command  
INFO - got command 

INFO - got command 

INFO - got command ]
INFO - got command .
INFO - got command t
INFO - got command s
INFO - got command e
INFO - got command t
INFO - got command r
INFO - got command o
INFO - got command h
INFO - got command s
INFO - got command  
INFO - got command e
INFO - got command h
INFO - got command t
INFO - got command  
INFO - got command t
INFO - got command o
INFO - got command n
INFO - got command  
INFO - got command s
INFO - got command i
INFO - got command  
INFO - got command t
INFO - got command I
INFO - got command [
INFO - got command  
INFO - got command .
INFO - got command s
INFO - got command r
INFO - got command e
INFO - got command t
INFO - got command c
INFO - got command a
INFO - got command r
INFO - got command a
INFO - got command h
INFO - got command c
INFO - got command  
INFO - got command d
INFO - got command n
INFO - got command a
INFO - got command m
INFO - got command m
INFO - got command o
INFO - got command c
INFO - got command  
INFO - got command e
INFO - got command v
INFO - got command i
INFO - got command t
INFO - got command c
INFO - got command a
INFO - got command  
INFO - got command 6
INFO - got command 0
INFO - got command 1
INFO - got command  
INFO - got command s
INFO - got command i
INFO - got command  
INFO - got command h
INFO - got command t
INFO - got command g
INFO - got command n
INFO - got command e
INFO - got command l
INFO - got command  
INFO - got command  
INFO - got command 

INFO - got command s
INFO - got command t
INFO - got command i
INFO - got command  
INFO - got command ,
INFO - got command n
INFO - got command e
INFO - got command e
INFO - got command r
INFO - got command c
INFO - got command s
INFO - got command  
INFO - got command e
INFO - got command h
INFO - got command t
INFO - got command  
INFO - got command o
INFO - got command t
INFO - got command  
INFO - got command e
INFO - got command n
INFO - got command i
INFO - got command l
INFO - got command w
INFO - got command e
INFO - got command n
INFO - got command  
INFO - got command a
INFO - got command  
INFO - got command d
INFO - got command n
INFO - got command a
INFO - got command  
INFO - got command "
INFO - got command !
INFO - got command d
INFO - got command l
INFO - got command r
INFO - got command o
INFO - got command W
INFO - got command  
INFO - got command o
INFO - got command l
INFO - got command l
INFO - got command e
INFO - got command H
INFO - got command "
INFO - got command  
INFO - got command s
INFO - got command t
INFO - got command n
INFO - got command i
INFO - got command r
INFO - got command p
INFO - got command  
INFO - got command m
INFO - got command a
INFO - got command r
INFO - got command g
INFO - got command o
INFO - got command r
INFO - got command p
INFO - got command  
INFO - got command s
INFO - got command i
INFO - got command h
INFO - got command T
INFO - got command  
INFO - got command [
INFO - parsing file scripts/hello_world.bf
INFO - Initialising Brainfuck
