INFO (2021-04-09 22:08:02) - Initialising Brainfuck
INFO (2021-04-09 22:08:02) - parsing file scripts/fibonacci.bf
DEBUG (2021-04-09 22:08:02) - got command >
DEBUG (2021-04-09 22:08:02) - got command -
DEBUG (2021-04-09 22:08:02) - got command [
DEBUG (2021-04-09 22:08:02) - got command [
DEBUG (2021-04-09 22:08:02) - got command <
DEBUG (2021-04-09 22:08:02) - got command +
DEBUG (2021-04-09 22:08:02) - got command >
DEBUG (2021-04-09 22:08:02) - got command >
DEBUG (2021-04-09 22:08:02) - got command >
DEBUG (2021-04-09 22:08:02) - got command -
DEBUG (2021-04-09 22:08:02) - got command <
DEBUG (2021-04-09 22:08:02) - got command -
DEBUG (2021-04-09 22:08:02) - got command <
DEBUG (2021-04-09 22:08:02) - got command +
DEBUG (2021-04-09 22:08:02) - got command ]
DEBUG (2021-04-09 22:08:02) - got command >
DEBUG (2021-04-09 22:08:02) - got command ]
INFO (2021-04-09 22:08:02) - Running Brainfuck
DEBUG (2021-04-09 22:08:02) - Commands: 
DEBUG (2021-04-09 22:08:02) - 0: >
DEBUG (2021-04-09 22:08:02) - 1: -
DEBUG (2021-04-09 22:08:02) - 2: [ (closed @ 16)
DEBUG (2021-04-09 22:08:02) - 3: [ (closed @ 14)
DEBUG (2021-04-09 22:08:02) - 4: <
DEBUG (2021-04-09 22:08:02) - 5: +
DEBUG (2021-04-09 22:08:02) - 6: >
DEBUG (2021-04-09 22:08:02) - 7: >
DEBUG (2021-04-09 22:08:02) - 8: >
DEBUG (2021-04-09 22:08:02) - 9: -
DEBUG (2021-04-09 22:08:02) - 10: <
DEBUG (2021-04-09 22:08:02) - 11: -
DEBUG (2021-04-09 22:08:02) - 12: <
DEBUG (2021-04-09 22:08:02) - 13: +
DEBUG (2021-04-09 22:08:02) - 14: ]
DEBUG (2021-04-09 22:08:02) - 15: >
DEBUG (2021-04-09 22:08:02) - 16: ]
INFO (2021-04-09 22:08:05) - @0, command is >
INFO (2021-04-09 22:08:05) - Incrementing bf data pointer
INFO (2021-04-09 22:08:06) - @1, command is -
INFO (2021-04-09 22:08:06) - Decrementing bf byte
INFO (2021-04-09 22:08:06) - Getting current bf byte
INFO (2021-04-09 22:08:06) - Wrapped bf byte downwards from 0->255
INFO (2021-04-09 22:08:06) - @2, command is [
INFO (2021-04-09 22:08:06) - Conditional forward jump
INFO (2021-04-09 22:08:06) - Getting current bf byte
INFO (2021-04-09 22:08:06) - Byte wasn't 0, adding current addr (2) to jump stack
INFO (2021-04-09 22:08:07) - @3, command is [
INFO (2021-04-09 22:08:07) - Conditional forward jump
INFO (2021-04-09 22:08:07) - Getting current bf byte
INFO (2021-04-09 22:08:07) - Byte wasn't 0, adding current addr (3) to jump stack
INFO (2021-04-09 22:08:07) - @4, command is <
INFO (2021-04-09 22:08:07) - Decrementing bf data pointer
INFO (2021-04-09 22:08:07) - @5, command is +
INFO (2021-04-09 22:08:07) - Incrementing bf byte
INFO (2021-04-09 22:08:07) - Getting current bf byte
INFO (2021-04-09 22:08:07) - @6, command is >
INFO (2021-04-09 22:08:07) - Incrementing bf data pointer
INFO (2021-04-09 22:08:07) - @7, command is >
INFO (2021-04-09 22:08:07) - Incrementing bf data pointer
INFO (2021-04-09 22:08:07) - @8, command is >
INFO (2021-04-09 22:08:07) - Incrementing bf data pointer
INFO (2021-04-09 22:08:08) - @9, command is -
INFO (2021-04-09 22:08:08) - Decrementing bf byte
INFO (2021-04-09 22:08:08) - Getting current bf byte
INFO (2021-04-09 22:08:08) - Wrapped bf byte downwards from 0->255
INFO (2021-04-09 22:08:08) - @10, command is <
INFO (2021-04-09 22:08:08) - Decrementing bf data pointer
INFO (2021-04-09 22:08:08) - @11, command is -
INFO (2021-04-09 22:08:08) - Decrementing bf byte
INFO (2021-04-09 22:08:08) - Getting current bf byte
INFO (2021-04-09 22:08:08) - Wrapped bf byte downwards from 0->255
INFO (2021-04-09 22:08:09) - @12, command is <
INFO (2021-04-09 22:08:09) - Decrementing bf data pointer
INFO (2021-04-09 22:08:09) - @13, command is +
INFO (2021-04-09 22:08:09) - Incrementing bf byte
INFO (2021-04-09 22:08:09) - Getting current bf byte
INFO (2021-04-09 22:08:09) - Wrapped bf byte upwards from 255->0
INFO (2021-04-09 22:08:09) - @14, command is ]
INFO (2021-04-09 22:08:09) - Conditional backward jump
INFO (2021-04-09 22:08:09) - Getting current bf byte
INFO (2021-04-09 22:08:09) - Byte wasn't zero, popping jump stack & continuing
